{"/home/travis/build/npmtest/node-npmtest-theo/test.js":{"path":"/home/travis/build/npmtest/node-npmtest-theo/test.js","s":{"1":2,"2":2,"3":2,"4":2,"5":2,"6":2,"7":2,"8":1,"9":2,"10":2,"11":1,"12":1,"13":1,"14":1,"15":2,"16":2,"17":2,"18":2,"19":1,"20":1,"21":2,"22":2,"23":2,"24":1,"25":1,"26":1,"27":1,"28":1,"29":1,"30":1,"31":1,"32":1,"33":1,"34":1,"35":1,"36":1,"37":1,"38":1,"39":2,"40":2,"41":1,"42":2,"43":2,"44":1,"45":2,"46":2,"47":1,"48":2,"49":2,"50":1,"51":1,"52":1,"53":1,"54":1},"b":{"1":[2,1,1,1],"2":[1,1,1,1],"3":[1,1],"4":[1,1],"5":[1,1],"6":[1,1],"7":[1,1],"8":[1,1],"9":[1,1],"10":[1,1,1],"11":[1,1],"12":[1,1],"13":[1,1],"14":[1,1],"15":[1,1],"16":[1,1],"17":[1,1]},"f":{"1":2,"2":2,"3":2,"4":2,"5":2,"6":1,"7":1,"8":1,"9":2,"10":2,"11":2,"12":2,"13":1},"fnMap":{"1":{"name":"(anonymous_1)","line":12,"loc":{"start":{"line":12,"column":1},"end":{"line":12,"column":13}}},"2":{"name":"(anonymous_2)","line":19,"loc":{"start":{"line":19,"column":5},"end":{"line":19,"column":17}}},"3":{"name":"(anonymous_3)","line":23,"loc":{"start":{"line":23,"column":24},"end":{"line":23,"column":36}}},"4":{"name":"(anonymous_4)","line":61,"loc":{"start":{"line":61,"column":5},"end":{"line":61,"column":17}}},"5":{"name":"(anonymous_5)","line":82,"loc":{"start":{"line":82,"column":5},"end":{"line":82,"column":17}}},"6":{"name":"(anonymous_6)","line":91,"loc":{"start":{"line":91,"column":77},"end":{"line":94,"column":10}}},"7":{"name":"(anonymous_7)","line":112,"loc":{"start":{"line":112,"column":83},"end":{"line":115,"column":10}},"skip":true},"8":{"name":"(anonymous_8)","line":123,"loc":{"start":{"line":123,"column":77},"end":{"line":126,"column":10}},"skip":true},"9":{"name":"(anonymous_9)","line":139,"loc":{"start":{"line":139,"column":12},"end":{"line":139,"column":40}},"skip":true},"10":{"name":"(anonymous_10)","line":147,"loc":{"start":{"line":147,"column":77},"end":{"line":150,"column":10}},"skip":true},"11":{"name":"(anonymous_11)","line":158,"loc":{"start":{"line":158,"column":83},"end":{"line":161,"column":10}},"skip":true},"12":{"name":"(anonymous_12)","line":169,"loc":{"start":{"line":169,"column":79},"end":{"line":172,"column":10}},"skip":true},"13":{"name":"(anonymous_13)","line":180,"loc":{"start":{"line":180,"column":75},"end":{"line":183,"column":10}},"skip":true}},"statementMap":{"1":{"start":{"line":12,"column":0},"end":{"line":195,"column":5}},"2":{"start":{"line":14,"column":4},"end":{"line":14,"column":14}},"3":{"start":{"line":19,"column":4},"end":{"line":56,"column":9}},"4":{"start":{"line":21,"column":8},"end":{"line":21,"column":19}},"5":{"start":{"line":23,"column":8},"end":{"line":35,"column":13}},"6":{"start":{"line":24,"column":12},"end":{"line":34,"column":13}},"7":{"start":{"line":25,"column":16},"end":{"line":28,"column":30}},"8":{"start":{"line":30,"column":16},"end":{"line":33,"column":27}},"9":{"start":{"line":37,"column":8},"end":{"line":39,"column":21}},"10":{"start":{"line":40,"column":8},"end":{"line":53,"column":9}},"11":{"start":{"line":43,"column":12},"end":{"line":46,"column":14}},"12":{"start":{"line":47,"column":12},"end":{"line":47,"column":18}},"13":{"start":{"line":50,"column":12},"end":{"line":51,"column":46}},"14":{"start":{"line":52,"column":12},"end":{"line":52,"column":18}},"15":{"start":{"line":55,"column":8},"end":{"line":55,"column":35}},"16":{"start":{"line":61,"column":4},"end":{"line":63,"column":9}},"17":{"start":{"line":62,"column":8},"end":{"line":62,"column":15}},"18":{"start":{"line":64,"column":4},"end":{"line":77,"column":5}},"19":{"start":{"line":70,"column":8},"end":{"line":70,"column":14}},"20":{"start":{"line":76,"column":8},"end":{"line":76,"column":14}},"21":{"start":{"line":82,"column":4},"end":{"line":84,"column":9}},"22":{"start":{"line":83,"column":8},"end":{"line":83,"column":15}},"23":{"start":{"line":85,"column":4},"end":{"line":194,"column":5}},"24":{"start":{"line":91,"column":8},"end":{"line":99,"column":10}},"25":{"start":{"line":98,"column":12},"end":{"line":98,"column":35}},"26":{"start":{"line":102,"column":8},"end":{"line":104,"column":63}},"27":{"start":{"line":105,"column":8},"end":{"line":105,"column":14}},"28":{"start":{"line":112,"column":8},"end":{"line":121,"column":10},"skip":true},"29":{"start":{"line":119,"column":12},"end":{"line":119,"column":55},"skip":true},"30":{"start":{"line":120,"column":12},"end":{"line":120,"column":48},"skip":true},"31":{"start":{"line":123,"column":8},"end":{"line":136,"column":10},"skip":true},"32":{"start":{"line":130,"column":12},"end":{"line":130,"column":76},"skip":true},"33":{"start":{"line":131,"column":12},"end":{"line":131,"column":73},"skip":true},"34":{"start":{"line":132,"column":12},"end":{"line":132,"column":74},"skip":true},"35":{"start":{"line":133,"column":12},"end":{"line":133,"column":79},"skip":true},"36":{"start":{"line":134,"column":12},"end":{"line":134,"column":25},"skip":true},"37":{"start":{"line":135,"column":12},"end":{"line":135,"column":45},"skip":true},"38":{"start":{"line":138,"column":8},"end":{"line":145,"column":14},"skip":true},"39":{"start":{"line":143,"column":16},"end":{"line":143,"column":29},"skip":true},"40":{"start":{"line":144,"column":16},"end":{"line":144,"column":55},"skip":true},"41":{"start":{"line":147,"column":8},"end":{"line":156,"column":10},"skip":true},"42":{"start":{"line":154,"column":12},"end":{"line":154,"column":25},"skip":true},"43":{"start":{"line":155,"column":12},"end":{"line":155,"column":45},"skip":true},"44":{"start":{"line":158,"column":8},"end":{"line":167,"column":10},"skip":true},"45":{"start":{"line":165,"column":12},"end":{"line":165,"column":25},"skip":true},"46":{"start":{"line":166,"column":12},"end":{"line":166,"column":48},"skip":true},"47":{"start":{"line":169,"column":8},"end":{"line":178,"column":10},"skip":true},"48":{"start":{"line":176,"column":12},"end":{"line":176,"column":25},"skip":true},"49":{"start":{"line":177,"column":12},"end":{"line":177,"column":46},"skip":true},"50":{"start":{"line":180,"column":8},"end":{"line":189,"column":10},"skip":true},"51":{"start":{"line":187,"column":12},"end":{"line":187,"column":94},"skip":true},"52":{"start":{"line":188,"column":12},"end":{"line":188,"column":48},"skip":true},"53":{"start":{"line":192,"column":8},"end":{"line":192,"column":35},"skip":true},"54":{"start":{"line":193,"column":8},"end":{"line":193,"column":14},"skip":true}},"branchMap":{"1":{"line":25,"type":"binary-expr","locations":[{"start":{"line":25,"column":23},"end":{"line":25,"column":62}},{"start":{"line":26,"column":20},"end":{"line":26,"column":70}},{"start":{"line":27,"column":20},"end":{"line":27,"column":71}},{"start":{"line":28,"column":20},"end":{"line":28,"column":29}}]},"2":{"line":30,"type":"binary-expr","locations":[{"start":{"line":30,"column":23},"end":{"line":30,"column":37}},{"start":{"line":31,"column":20},"end":{"line":31,"column":61}},{"start":{"line":32,"column":20},"end":{"line":32,"column":70}},{"start":{"line":33,"column":20},"end":{"line":33,"column":26}}]},"3":{"line":37,"type":"cond-expr","locations":[{"start":{"line":38,"column":14},"end":{"line":38,"column":20}},{"start":{"line":39,"column":14},"end":{"line":39,"column":20}}]},"4":{"line":40,"type":"switch","locations":[{"start":{"line":42,"column":8},"end":{"line":47,"column":18}},{"start":{"line":49,"column":8},"end":{"line":52,"column":18}}]},"5":{"line":44,"type":"binary-expr","locations":[{"start":{"line":44,"column":16},"end":{"line":44,"column":44}},{"start":{"line":44,"column":48},"end":{"line":44,"column":66}}]},"6":{"line":50,"type":"binary-expr","locations":[{"start":{"line":50,"column":21},"end":{"line":50,"column":49}},{"start":{"line":50,"column":53},"end":{"line":50,"column":72}}]},"7":{"line":64,"type":"switch","locations":[{"start":{"line":69,"column":4},"end":{"line":70,"column":14}},{"start":{"line":75,"column":4},"end":{"line":76,"column":14}}]},"8":{"line":85,"type":"switch","locations":[{"start":{"line":90,"column":4},"end":{"line":105,"column":14}},{"start":{"line":111,"column":4},"end":{"line":193,"column":14},"skip":true}]},"9":{"line":91,"type":"binary-expr","locations":[{"start":{"line":91,"column":42},"end":{"line":91,"column":73}},{"start":{"line":91,"column":77},"end":{"line":99,"column":9}}]},"10":{"line":102,"type":"binary-expr","locations":[{"start":{"line":102,"column":18},"end":{"line":102,"column":32}},{"start":{"line":103,"column":12},"end":{"line":103,"column":53}},{"start":{"line":104,"column":12},"end":{"line":104,"column":61}}]},"11":{"line":112,"type":"binary-expr","locations":[{"start":{"line":112,"column":45},"end":{"line":112,"column":79},"skip":true},{"start":{"line":112,"column":83},"end":{"line":121,"column":9},"skip":true}]},"12":{"line":123,"type":"binary-expr","locations":[{"start":{"line":123,"column":42},"end":{"line":123,"column":73},"skip":true},{"start":{"line":123,"column":77},"end":{"line":136,"column":9},"skip":true}]},"13":{"line":138,"type":"binary-expr","locations":[{"start":{"line":138,"column":48},"end":{"line":138,"column":85},"skip":true},{"start":{"line":139,"column":12},"end":{"line":145,"column":13},"skip":true}]},"14":{"line":147,"type":"binary-expr","locations":[{"start":{"line":147,"column":42},"end":{"line":147,"column":73},"skip":true},{"start":{"line":147,"column":77},"end":{"line":156,"column":9},"skip":true}]},"15":{"line":158,"type":"binary-expr","locations":[{"start":{"line":158,"column":45},"end":{"line":158,"column":79},"skip":true},{"start":{"line":158,"column":83},"end":{"line":167,"column":9},"skip":true}]},"16":{"line":169,"type":"binary-expr","locations":[{"start":{"line":169,"column":43},"end":{"line":169,"column":75},"skip":true},{"start":{"line":169,"column":79},"end":{"line":178,"column":9},"skip":true}]},"17":{"line":180,"type":"binary-expr","locations":[{"start":{"line":180,"column":41},"end":{"line":180,"column":71},"skip":true},{"start":{"line":180,"column":75},"end":{"line":189,"column":9},"skip":true}]}},"code":["/* istanbul instrument in package npmtest_theo */","/*jslint","    bitwise: true,","    browser: true,","    maxerr: 8,","    maxlen: 96,","    node: true,","    nomen: true,","    regexp: true,","    stupid: true","*/","(function () {","    'use strict';","    var local;","","","","    // run shared js-env code - pre-init","    (function () {","        // init local","        local = {};","        // init modeJs","        local.modeJs = (function () {","            try {","                return typeof navigator.userAgent === 'string' &&","                    typeof document.querySelector('body') === 'object' &&","                    typeof XMLHttpRequest.prototype.open === 'function' &&","                    'browser';","            } catch (errorCaughtBrowser) {","                return module.exports &&","                    typeof process.versions.node === 'string' &&","                    typeof require('http').createServer === 'function' &&","                    'node';","            }","        }());","        // init global","        local.global = local.modeJs === 'browser'","            ? window","            : global;","        switch (local.modeJs) {","        // re-init local from window.local","        case 'browser':","            local = local.global.utility2.objectSetDefault(","                local.global.utility2_rollup || local.global.local,","                local.global.utility2","            );","            break;","        // re-init local from example.js","        case 'node':","            local = (local.global.utility2_rollup || require('utility2'))","                .requireExampleJsFromReadme();","            break;","        }","        // export local","        local.global.local = local;","    }());","","","","    // run shared js-env code - function","    (function () {","        return;","    }());","    switch (local.modeJs) {","","","","    // run browser js-env code - function","    case 'browser':","        break;","","","","    // run node js-env code - function","    case 'node':","        break;","    }","","","","    // run shared js-env code - post-init","    (function () {","        return;","    }());","    switch (local.modeJs) {","","","","    // run browser js-env code - post-init","    case 'browser':","        local.testCase_browser_nullCase = local.testCase_browser_nullCase || function (","            options,","            onError","        ) {","        /*","         * this function will test browsers's null-case handling-behavior-behavior","         */","            onError(null, options);","        };","","        // run tests","        local.nop(local.modeTest &&","            document.querySelector('#testRunButton1') &&","            document.querySelector('#testRunButton1').click());","        break;","","","","    // run node js-env code - post-init","    /* istanbul ignore next */","    case 'node':","        local.testCase_buildApidoc_default = local.testCase_buildApidoc_default || function (","            options,","            onError","        ) {","        /*","         * this function will test buildApidoc's default handling-behavior-behavior","         */","            options = { modulePathList: module.paths };","            local.buildApidoc(options, onError);","        };","","        local.testCase_buildApp_default = local.testCase_buildApp_default || function (","            options,","            onError","        ) {","        /*","         * this function will test buildApp's default handling-behavior-behavior","         */","            local.testCase_buildReadme_default(options, local.onErrorThrow);","            local.testCase_buildLib_default(options, local.onErrorThrow);","            local.testCase_buildTest_default(options, local.onErrorThrow);","            local.testCase_buildCustomOrg_default(options, local.onErrorThrow);","            options = [];","            local.buildApp(options, onError);","        };","","        local.testCase_buildCustomOrg_default = local.testCase_buildCustomOrg_default ||","            function (options, onError) {","            /*","             * this function will test buildCustomOrg's default handling-behavior","             */","                options = {};","                local.buildCustomOrg(options, onError);","            };","","        local.testCase_buildLib_default = local.testCase_buildLib_default || function (","            options,","            onError","        ) {","        /*","         * this function will test buildLib's default handling-behavior","         */","            options = {};","            local.buildLib(options, onError);","        };","","        local.testCase_buildReadme_default = local.testCase_buildReadme_default || function (","            options,","            onError","        ) {","        /*","         * this function will test buildReadme's default handling-behavior-behavior","         */","            options = {};","            local.buildReadme(options, onError);","        };","","        local.testCase_buildTest_default = local.testCase_buildTest_default || function (","            options,","            onError","        ) {","        /*","         * this function will test buildTest's default handling-behavior","         */","            options = {};","            local.buildTest(options, onError);","        };","","        local.testCase_webpage_default = local.testCase_webpage_default || function (","            options,","            onError","        ) {","        /*","         * this function will test webpage's default handling-behavior","         */","            options = { modeCoverageMerge: true, url: local.serverLocalHost + '?modeTest=1' };","            local.browserTest(options, onError);","        };","","        // run test-server","        local.testRunServer(local);","        break;","    }","}());",""],"l":{"12":2,"14":2,"19":2,"21":2,"23":2,"24":2,"25":2,"30":1,"37":2,"40":2,"43":1,"47":1,"50":1,"52":1,"55":2,"61":2,"62":2,"64":2,"70":1,"76":1,"82":2,"83":2,"85":2,"91":1,"98":1,"102":1,"105":1,"112":1,"119":1,"120":1,"123":1,"130":1,"131":1,"132":1,"133":1,"134":1,"135":1,"138":1,"143":2,"144":2,"147":1,"154":2,"155":2,"158":1,"165":2,"166":2,"169":1,"176":2,"177":2,"180":1,"187":1,"188":1,"192":1,"193":1}},"/home/travis/build/npmtest/node-npmtest-theo/lib.npmtest_theo.js":{"path":"/home/travis/build/npmtest/node-npmtest-theo/lib.npmtest_theo.js","s":{"1":2,"2":2,"3":2,"4":2,"5":2,"6":2,"7":2,"8":1,"9":2,"10":2,"11":2,"12":2,"13":1,"14":1,"15":1,"16":1},"b":{"1":[2,1,1,1],"2":[1,1,1,1],"3":[1,1],"4":[2,2],"5":[1,1]},"f":{"1":2,"2":2,"3":2},"fnMap":{"1":{"name":"(anonymous_1)","line":12,"loc":{"start":{"line":12,"column":1},"end":{"line":12,"column":13}}},"2":{"name":"(anonymous_2)","line":19,"loc":{"start":{"line":19,"column":5},"end":{"line":19,"column":17}}},"3":{"name":"(anonymous_3)","line":23,"loc":{"start":{"line":23,"column":24},"end":{"line":23,"column":36}}}},"statementMap":{"1":{"start":{"line":12,"column":0},"end":{"line":53,"column":5}},"2":{"start":{"line":14,"column":4},"end":{"line":14,"column":14}},"3":{"start":{"line":19,"column":4},"end":{"line":52,"column":9}},"4":{"start":{"line":21,"column":8},"end":{"line":21,"column":19}},"5":{"start":{"line":23,"column":8},"end":{"line":35,"column":13}},"6":{"start":{"line":24,"column":12},"end":{"line":34,"column":13}},"7":{"start":{"line":25,"column":16},"end":{"line":28,"column":30}},"8":{"start":{"line":30,"column":16},"end":{"line":33,"column":27}},"9":{"start":{"line":37,"column":8},"end":{"line":39,"column":21}},"10":{"start":{"line":41,"column":8},"end":{"line":41,"column":54}},"11":{"start":{"line":43,"column":8},"end":{"line":43,"column":49}},"12":{"start":{"line":45,"column":8},"end":{"line":51,"column":9}},"13":{"start":{"line":46,"column":12},"end":{"line":46,"column":55}},"14":{"start":{"line":48,"column":12},"end":{"line":48,"column":35}},"15":{"start":{"line":49,"column":12},"end":{"line":49,"column":49}},"16":{"start":{"line":50,"column":12},"end":{"line":50,"column":43}}},"branchMap":{"1":{"line":25,"type":"binary-expr","locations":[{"start":{"line":25,"column":23},"end":{"line":25,"column":62}},{"start":{"line":26,"column":20},"end":{"line":26,"column":70}},{"start":{"line":27,"column":20},"end":{"line":27,"column":71}},{"start":{"line":28,"column":20},"end":{"line":28,"column":29}}]},"2":{"line":30,"type":"binary-expr","locations":[{"start":{"line":30,"column":23},"end":{"line":30,"column":37}},{"start":{"line":31,"column":20},"end":{"line":31,"column":61}},{"start":{"line":32,"column":20},"end":{"line":32,"column":70}},{"start":{"line":33,"column":20},"end":{"line":33,"column":26}}]},"3":{"line":37,"type":"cond-expr","locations":[{"start":{"line":38,"column":14},"end":{"line":38,"column":20}},{"start":{"line":39,"column":14},"end":{"line":39,"column":20}}]},"4":{"line":41,"type":"binary-expr","locations":[{"start":{"line":41,"column":16},"end":{"line":41,"column":44}},{"start":{"line":41,"column":48},"end":{"line":41,"column":53}}]},"5":{"line":45,"type":"if","locations":[{"start":{"line":45,"column":8},"end":{"line":45,"column":8}},{"start":{"line":45,"column":8},"end":{"line":45,"column":8}}]}},"code":["/* istanbul instrument in package npmtest_theo */","/*jslint","    bitwise: true,","    browser: true,","    maxerr: 8,","    maxlen: 96,","    node: true,","    nomen: true,","    regexp: true,","    stupid: true","*/","(function () {","    'use strict';","    var local;","","","","    // run shared js-env code - pre-init","    (function () {","        // init local","        local = {};","        // init modeJs","        local.modeJs = (function () {","            try {","                return typeof navigator.userAgent === 'string' &&","                    typeof document.querySelector('body') === 'object' &&","                    typeof XMLHttpRequest.prototype.open === 'function' &&","                    'browser';","            } catch (errorCaughtBrowser) {","                return module.exports &&","                    typeof process.versions.node === 'string' &&","                    typeof require('http').createServer === 'function' &&","                    'node';","            }","        }());","        // init global","        local.global = local.modeJs === 'browser'","            ? window","            : global;","        // init utility2_rollup","        local = local.global.utility2_rollup || local;","        // init lib","        local.local = local.npmtest_theo = local;","        // init exports","        if (local.modeJs === 'browser') {","            local.global.utility2_npmtest_theo = local;","        } else {","            module.exports = local;","            module.exports.__dirname = __dirname;","            module.exports.module = module;","        }","    }());","}());",""],"l":{"12":2,"14":2,"19":2,"21":2,"23":2,"24":2,"25":2,"30":1,"37":2,"41":2,"43":2,"45":2,"46":1,"48":1,"49":1,"50":1}},"/home/travis/build/npmtest/node-npmtest-theo/example.js":{"path":"/home/travis/build/npmtest/node-npmtest-theo/example.js","s":{"1":2,"2":2,"3":2,"4":2,"5":2,"6":2,"7":2,"8":1,"9":2,"10":2,"11":2,"12":2,"13":1,"14":2,"15":2,"16":2,"17":2,"18":2,"19":0,"20":2,"21":1,"22":1,"23":1,"24":1,"25":1,"26":0,"27":0,"28":1,"29":1,"30":2,"31":0,"32":0,"33":0,"34":1,"35":2,"36":2,"37":3,"38":3,"39":3,"40":3,"41":0,"42":3,"43":3,"44":3,"45":1,"46":3,"47":1,"48":1,"49":1,"50":1,"51":1,"52":1,"53":1,"54":1,"55":1,"56":1,"57":0,"58":1,"59":6,"60":6,"61":1,"62":2,"63":0,"64":2,"65":1,"66":1,"67":0,"68":0,"69":0,"70":0,"71":0,"72":0,"73":0,"74":0,"75":0,"76":0,"77":0,"78":0,"79":0,"80":0,"81":0,"82":0,"83":0},"b":{"1":[2,1,1,1],"2":[1,1,1,1],"3":[1,1],"4":[2,2],"5":[1,1],"6":[1,1],"7":[2,0],"8":[2,1,1,1,1,1],"9":[0,2,0],"10":[1,1],"11":[2,1,1],"12":[1,0],"13":[0,2],"14":[2,0,0,0,0,0,0],"15":[0,3],"16":[3,0],"17":[1,1],"18":[0,1],"19":[1,2,0,2],"20":[1,0],"21":[1,1],"22":[0,0],"23":[0,0],"24":[0,0],"25":[0,0],"26":[0,0],"27":[0,0],"28":[0,0]},"f":{"1":2,"2":2,"3":2,"4":2,"5":2,"6":2,"7":3,"8":3,"9":3,"10":1,"11":6,"12":0},"fnMap":{"1":{"name":"(anonymous_1)","line":26,"loc":{"start":{"line":26,"column":1},"end":{"line":26,"column":13}}},"2":{"name":"(anonymous_2)","line":33,"loc":{"start":{"line":33,"column":5},"end":{"line":33,"column":17}}},"3":{"name":"(anonymous_3)","line":37,"loc":{"start":{"line":37,"column":24},"end":{"line":37,"column":36}}},"4":{"name":"(anonymous_4)","line":69,"loc":{"start":{"line":69,"column":31},"end":{"line":69,"column":48}},"skip":true},"5":{"name":"(anonymous_5)","line":78,"loc":{"start":{"line":78,"column":26},"end":{"line":78,"column":45}},"skip":true},"6":{"name":"(anonymous_6)","line":123,"loc":{"start":{"line":123,"column":33},"end":{"line":123,"column":48}},"skip":true},"7":{"name":"(anonymous_7)","line":125,"loc":{"start":{"line":125,"column":27},"end":{"line":125,"column":39}},"skip":true},"8":{"name":"(anonymous_8)","line":133,"loc":{"start":{"line":133,"column":59},"end":{"line":133,"column":74}},"skip":true},"9":{"name":"(anonymous_9)","line":143,"loc":{"start":{"line":143,"column":45},"end":{"line":143,"column":62}},"skip":true},"10":{"name":"(anonymous_10)","line":144,"loc":{"start":{"line":144,"column":73},"end":{"line":144,"column":92}},"skip":true},"11":{"name":"(anonymous_11)","line":272,"loc":{"start":{"line":272,"column":51},"end":{"line":272,"column":77}},"skip":true},"12":{"name":"(anonymous_12)","line":315,"loc":{"start":{"line":315,"column":32},"end":{"line":315,"column":61}},"skip":true}},"statementMap":{"1":{"start":{"line":26,"column":0},"end":{"line":326,"column":5}},"2":{"start":{"line":28,"column":4},"end":{"line":28,"column":14}},"3":{"start":{"line":33,"column":4},"end":{"line":60,"column":9}},"4":{"start":{"line":35,"column":8},"end":{"line":35,"column":19}},"5":{"start":{"line":37,"column":8},"end":{"line":49,"column":13}},"6":{"start":{"line":38,"column":12},"end":{"line":48,"column":13}},"7":{"start":{"line":39,"column":16},"end":{"line":42,"column":30}},"8":{"start":{"line":44,"column":16},"end":{"line":47,"column":27}},"9":{"start":{"line":51,"column":8},"end":{"line":53,"column":21}},"10":{"start":{"line":55,"column":8},"end":{"line":57,"column":45}},"11":{"start":{"line":59,"column":8},"end":{"line":59,"column":35}},"12":{"start":{"line":61,"column":4},"end":{"line":325,"column":5}},"13":{"start":{"line":69,"column":8},"end":{"line":121,"column":10},"skip":true},"14":{"start":{"line":70,"column":12},"end":{"line":88,"column":13},"skip":true},"15":{"start":{"line":76,"column":16},"end":{"line":87,"column":19},"skip":true},"16":{"start":{"line":79,"column":20},"end":{"line":86,"column":21},"skip":true},"17":{"start":{"line":82,"column":24},"end":{"line":82,"column":43},"skip":true},"18":{"start":{"line":83,"column":24},"end":{"line":83,"column":30},"skip":true},"19":{"start":{"line":85,"column":24},"end":{"line":85,"column":49},"skip":true},"20":{"start":{"line":89,"column":12},"end":{"line":107,"column":13},"skip":true},"21":{"start":{"line":92,"column":16},"end":{"line":102,"column":17},"skip":true},"22":{"start":{"line":93,"column":20},"end":{"line":93,"column":86},"skip":true},"23":{"start":{"line":94,"column":20},"end":{"line":95,"column":45},"skip":true},"24":{"start":{"line":96,"column":20},"end":{"line":96,"column":42},"skip":true},"25":{"start":{"line":97,"column":20},"end":{"line":97,"column":48},"skip":true},"26":{"start":{"line":100,"column":20},"end":{"line":100,"column":85},"skip":true},"27":{"start":{"line":101,"column":20},"end":{"line":101,"column":96},"skip":true},"28":{"start":{"line":103,"column":16},"end":{"line":103,"column":22},"skip":true},"29":{"start":{"line":106,"column":16},"end":{"line":106,"column":22},"skip":true},"30":{"start":{"line":108,"column":12},"end":{"line":120,"column":13},"skip":true},"31":{"start":{"line":114,"column":16},"end":{"line":119,"column":17},"skip":true},"32":{"start":{"line":116,"column":20},"end":{"line":116,"column":78},"skip":true},"33":{"start":{"line":118,"column":20},"end":{"line":118,"column":47},"skip":true},"34":{"start":{"line":123,"column":8},"end":{"line":141,"column":11},"skip":true},"35":{"start":{"line":124,"column":12},"end":{"line":124,"column":54},"skip":true},"36":{"start":{"line":125,"column":12},"end":{"line":140,"column":14},"skip":true},"37":{"start":{"line":126,"column":16},"end":{"line":126,"column":28},"skip":true},"38":{"start":{"line":127,"column":16},"end":{"line":127,"column":69},"skip":true},"39":{"start":{"line":128,"column":16},"end":{"line":128,"column":75},"skip":true},"40":{"start":{"line":129,"column":16},"end":{"line":131,"column":17},"skip":true},"41":{"start":{"line":130,"column":20},"end":{"line":130,"column":27},"skip":true},"42":{"start":{"line":133,"column":16},"end":{"line":137,"column":36},"skip":true},"43":{"start":{"line":134,"column":20},"end":{"line":136,"column":55},"skip":true},"44":{"start":{"line":139,"column":16},"end":{"line":139,"column":57},"skip":true},"45":{"start":{"line":143,"column":8},"end":{"line":147,"column":11},"skip":true},"46":{"start":{"line":144,"column":12},"end":{"line":146,"column":15},"skip":true},"47":{"start":{"line":145,"column":16},"end":{"line":145,"column":70},"skip":true},"48":{"start":{"line":149,"column":8},"end":{"line":149,"column":31},"skip":true},"49":{"start":{"line":150,"column":8},"end":{"line":150,"column":14},"skip":true},"50":{"start":{"line":158,"column":8},"end":{"line":158,"column":31},"skip":true},"51":{"start":{"line":160,"column":8},"end":{"line":160,"column":33},"skip":true},"52":{"start":{"line":161,"column":8},"end":{"line":161,"column":37},"skip":true},"53":{"start":{"line":162,"column":8},"end":{"line":162,"column":35},"skip":true},"54":{"start":{"line":164,"column":8},"end":{"line":164,"column":50},"skip":true},"55":{"start":{"line":166,"column":8},"end":{"line":256,"column":2},"skip":true},"56":{"start":{"line":258,"column":8},"end":{"line":286,"column":9},"skip":true},"57":{"start":{"line":259,"column":12},"end":{"line":269,"column":14},"skip":true},"58":{"start":{"line":271,"column":12},"end":{"line":285,"column":19},"skip":true},"59":{"start":{"line":274,"column":20},"end":{"line":274,"column":35},"skip":true},"60":{"start":{"line":275,"column":20},"end":{"line":284,"column":21},"skip":true},"61":{"start":{"line":277,"column":24},"end":{"line":277,"column":64},"skip":true},"62":{"start":{"line":279,"column":24},"end":{"line":279,"column":40},"skip":true},"63":{"start":{"line":281,"column":24},"end":{"line":281,"column":40},"skip":true},"64":{"start":{"line":283,"column":24},"end":{"line":283,"column":39},"skip":true},"65":{"start":{"line":288,"column":8},"end":{"line":290,"column":9},"skip":true},"66":{"start":{"line":289,"column":12},"end":{"line":289,"column":18},"skip":true},"67":{"start":{"line":291,"column":8},"end":{"line":293,"column":54},"skip":true},"68":{"start":{"line":296,"column":8},"end":{"line":301,"column":37},"skip":true},"69":{"start":{"line":303,"column":8},"end":{"line":303,"column":82},"skip":true},"70":{"start":{"line":306,"column":8},"end":{"line":308,"column":9},"skip":true},"71":{"start":{"line":307,"column":12},"end":{"line":307,"column":82},"skip":true},"72":{"start":{"line":310,"column":8},"end":{"line":312,"column":9},"skip":true},"73":{"start":{"line":311,"column":12},"end":{"line":311,"column":18},"skip":true},"74":{"start":{"line":313,"column":8},"end":{"line":313,"column":54},"skip":true},"75":{"start":{"line":314,"column":8},"end":{"line":314,"column":69},"skip":true},"76":{"start":{"line":315,"column":8},"end":{"line":323,"column":36},"skip":true},"77":{"start":{"line":316,"column":12},"end":{"line":316,"column":61},"skip":true},"78":{"start":{"line":317,"column":12},"end":{"line":320,"column":13},"skip":true},"79":{"start":{"line":318,"column":16},"end":{"line":318,"column":75},"skip":true},"80":{"start":{"line":319,"column":16},"end":{"line":319,"column":23},"skip":true},"81":{"start":{"line":321,"column":12},"end":{"line":321,"column":38},"skip":true},"82":{"start":{"line":322,"column":12},"end":{"line":322,"column":27},"skip":true},"83":{"start":{"line":324,"column":8},"end":{"line":324,"column":14},"skip":true}},"branchMap":{"1":{"line":39,"type":"binary-expr","locations":[{"start":{"line":39,"column":23},"end":{"line":39,"column":62}},{"start":{"line":40,"column":20},"end":{"line":40,"column":70}},{"start":{"line":41,"column":20},"end":{"line":41,"column":71}},{"start":{"line":42,"column":20},"end":{"line":42,"column":29}}]},"2":{"line":44,"type":"binary-expr","locations":[{"start":{"line":44,"column":23},"end":{"line":44,"column":37}},{"start":{"line":45,"column":20},"end":{"line":45,"column":61}},{"start":{"line":46,"column":20},"end":{"line":46,"column":70}},{"start":{"line":47,"column":20},"end":{"line":47,"column":26}}]},"3":{"line":51,"type":"cond-expr","locations":[{"start":{"line":52,"column":14},"end":{"line":52,"column":20}},{"start":{"line":53,"column":14},"end":{"line":53,"column":20}}]},"4":{"line":55,"type":"binary-expr","locations":[{"start":{"line":55,"column":16},"end":{"line":55,"column":44}},{"start":{"line":55,"column":49},"end":{"line":57,"column":43}}]},"5":{"line":55,"type":"cond-expr","locations":[{"start":{"line":56,"column":14},"end":{"line":56,"column":48}},{"start":{"line":57,"column":14},"end":{"line":57,"column":43}}]},"6":{"line":61,"type":"switch","locations":[{"start":{"line":68,"column":4},"end":{"line":150,"column":14},"skip":true},{"start":{"line":156,"column":4},"end":{"line":324,"column":14},"skip":true}]},"7":{"line":70,"type":"if","locations":[{"start":{"line":70,"column":12},"end":{"line":70,"column":12},"skip":true},{"start":{"line":70,"column":12},"end":{"line":70,"column":12},"skip":true}]},"8":{"line":70,"type":"binary-expr","locations":[{"start":{"line":70,"column":16},"end":{"line":70,"column":22},"skip":true},{"start":{"line":70,"column":27},"end":{"line":70,"column":32},"skip":true},{"start":{"line":71,"column":20},"end":{"line":71,"column":39},"skip":true},{"start":{"line":72,"column":20},"end":{"line":72,"column":49},"skip":true},{"start":{"line":73,"column":20},"end":{"line":73,"column":58},"skip":true},{"start":{"line":74,"column":20},"end":{"line":74,"column":69},"skip":true}]},"9":{"line":79,"type":"switch","locations":[{"start":{"line":80,"column":20},"end":{"line":80,"column":33},"skip":true},{"start":{"line":81,"column":20},"end":{"line":83,"column":30},"skip":true},{"start":{"line":84,"column":20},"end":{"line":85,"column":49},"skip":true}]},"10":{"line":89,"type":"switch","locations":[{"start":{"line":90,"column":12},"end":{"line":103,"column":22},"skip":true},{"start":{"line":105,"column":12},"end":{"line":106,"column":22},"skip":true}]},"11":{"line":89,"type":"binary-expr","locations":[{"start":{"line":89,"column":20},"end":{"line":89,"column":25},"skip":true},{"start":{"line":89,"column":29},"end":{"line":89,"column":48},"skip":true},{"start":{"line":89,"column":52},"end":{"line":89,"column":74},"skip":true}]},"12":{"line":92,"type":"if","locations":[{"start":{"line":92,"column":16},"end":{"line":92,"column":16},"skip":true},{"start":{"line":92,"column":16},"end":{"line":92,"column":16},"skip":true}]},"13":{"line":108,"type":"if","locations":[{"start":{"line":108,"column":12},"end":{"line":108,"column":12},"skip":true},{"start":{"line":108,"column":12},"end":{"line":108,"column":12},"skip":true}]},"14":{"line":108,"type":"binary-expr","locations":[{"start":{"line":108,"column":16},"end":{"line":108,"column":61},"skip":true},{"start":{"line":108,"column":66},"end":{"line":108,"column":72},"skip":true},{"start":{"line":108,"column":77},"end":{"line":108,"column":82},"skip":true},{"start":{"line":109,"column":20},"end":{"line":109,"column":39},"skip":true},{"start":{"line":110,"column":20},"end":{"line":110,"column":49},"skip":true},{"start":{"line":111,"column":20},"end":{"line":111,"column":58},"skip":true},{"start":{"line":112,"column":20},"end":{"line":112,"column":68},"skip":true}]},"15":{"line":129,"type":"if","locations":[{"start":{"line":129,"column":16},"end":{"line":129,"column":16},"skip":true},{"start":{"line":129,"column":16},"end":{"line":129,"column":16},"skip":true}]},"16":{"line":134,"type":"cond-expr","locations":[{"start":{"line":135,"column":26},"end":{"line":135,"column":29},"skip":true},{"start":{"line":136,"column":26},"end":{"line":136,"column":54},"skip":true}]},"17":{"line":164,"type":"binary-expr","locations":[{"start":{"line":164,"column":27},"end":{"line":164,"column":43},"skip":true},{"start":{"line":164,"column":47},"end":{"line":164,"column":49},"skip":true}]},"18":{"line":258,"type":"if","locations":[{"start":{"line":258,"column":8},"end":{"line":258,"column":8},"skip":true},{"start":{"line":258,"column":8},"end":{"line":258,"column":8},"skip":true}]},"19":{"line":275,"type":"switch","locations":[{"start":{"line":276,"column":20},"end":{"line":277,"column":64},"skip":true},{"start":{"line":278,"column":20},"end":{"line":279,"column":40},"skip":true},{"start":{"line":280,"column":20},"end":{"line":281,"column":40},"skip":true},{"start":{"line":282,"column":20},"end":{"line":283,"column":39},"skip":true}]},"20":{"line":288,"type":"if","locations":[{"start":{"line":288,"column":8},"end":{"line":288,"column":8},"skip":true},{"start":{"line":288,"column":8},"end":{"line":288,"column":8},"skip":true}]},"21":{"line":288,"type":"binary-expr","locations":[{"start":{"line":288,"column":12},"end":{"line":288,"column":40},"skip":true},{"start":{"line":288,"column":44},"end":{"line":288,"column":67},"skip":true}]},"22":{"line":292,"type":"binary-expr","locations":[{"start":{"line":292,"column":12},"end":{"line":292,"column":50},"skip":true},{"start":{"line":293,"column":12},"end":{"line":293,"column":53},"skip":true}]},"23":{"line":297,"type":"binary-expr","locations":[{"start":{"line":297,"column":12},"end":{"line":297,"column":62},"skip":true},{"start":{"line":298,"column":12},"end":{"line":301,"column":36},"skip":true}]},"24":{"line":303,"type":"binary-expr","locations":[{"start":{"line":303,"column":43},"end":{"line":303,"column":75},"skip":true},{"start":{"line":303,"column":79},"end":{"line":303,"column":81},"skip":true}]},"25":{"line":306,"type":"if","locations":[{"start":{"line":306,"column":8},"end":{"line":306,"column":8},"skip":true},{"start":{"line":306,"column":8},"end":{"line":306,"column":8},"skip":true}]},"26":{"line":310,"type":"if","locations":[{"start":{"line":310,"column":8},"end":{"line":310,"column":8},"skip":true},{"start":{"line":310,"column":8},"end":{"line":310,"column":8},"skip":true}]},"27":{"line":313,"type":"binary-expr","locations":[{"start":{"line":313,"column":27},"end":{"line":313,"column":43},"skip":true},{"start":{"line":313,"column":47},"end":{"line":313,"column":53},"skip":true}]},"28":{"line":317,"type":"if","locations":[{"start":{"line":317,"column":12},"end":{"line":317,"column":12},"skip":true},{"start":{"line":317,"column":12},"end":{"line":317,"column":12},"skip":true}]}},"code":["/*","example.js","","quickstart example","","instruction","    1. save this script as example.js","    2. run the shell command:","        $ npm install npmtest-theo && PORT=8081 node example.js","    3. play with the browser-demo on http://127.0.0.1:8081","*/","","","","/* istanbul instrument in package npmtest_theo */","/*jslint","    bitwise: true,","    browser: true,","    maxerr: 8,","    maxlen: 96,","    node: true,","    nomen: true,","    regexp: true,","    stupid: true","*/","(function () {","    'use strict';","    var local;","","","","    // run shared js-env code - pre-init","    (function () {","        // init local","        local = {};","        // init modeJs","        local.modeJs = (function () {","            try {","                return typeof navigator.userAgent === 'string' &&","                    typeof document.querySelector('body') === 'object' &&","                    typeof XMLHttpRequest.prototype.open === 'function' &&","                    'browser';","            } catch (errorCaughtBrowser) {","                return module.exports &&","                    typeof process.versions.node === 'string' &&","                    typeof require('http').createServer === 'function' &&","                    'node';","            }","        }());","        // init global","        local.global = local.modeJs === 'browser'","            ? window","            : global;","        // init utility2_rollup","        local = local.global.utility2_rollup || (local.modeJs === 'browser'","            ? local.global.utility2_npmtest_theo","            : global.utility2_moduleExports);","        // export local","        local.global.local = local;","    }());","    switch (local.modeJs) {","","","","    // post-init","    // run browser js-env code - post-init","    /* istanbul ignore next */","    case 'browser':","        local.testRunBrowser = function (event) {","            if (!event || (event &&","                    event.currentTarget &&","                    event.currentTarget.className &&","                    event.currentTarget.className.includes &&","                    event.currentTarget.className.includes('onreset'))) {","                // reset output","                Array.from(","                    document.querySelectorAll('body > .resettable')","                ).forEach(function (element) {","                    switch (element.tagName) {","                    case 'INPUT':","                    case 'TEXTAREA':","                        element.value = '';","                        break;","                    default:","                        element.textContent = '';","                    }","                });","            }","            switch (event && event.currentTarget && event.currentTarget.id) {","            case 'testRunButton1':","                // show tests","                if (document.querySelector('#testReportDiv1').style.display === 'none') {","                    document.querySelector('#testReportDiv1').style.display = 'block';","                    document.querySelector('#testRunButton1').textContent =","                        'hide internal test';","                    local.modeTest = true;","                    local.testRunDefault(local);","                // hide tests","                } else {","                    document.querySelector('#testReportDiv1').style.display = 'none';","                    document.querySelector('#testRunButton1').textContent = 'run internal test';","                }","                break;","            // custom-case","            default:","                break;","            }","            if (document.querySelector('#inputTextareaEval1') && (!event || (event &&","                    event.currentTarget &&","                    event.currentTarget.className &&","                    event.currentTarget.className.includes &&","                    event.currentTarget.className.includes('oneval')))) {","                // try to eval input-code","                try {","                    /*jslint evil: true*/","                    eval(document.querySelector('#inputTextareaEval1').value);","                } catch (errorCaught) {","                    console.error(errorCaught);","                }","            }","        };","        // log stderr and stdout to #outputTextareaStdout1","        ['error', 'log'].forEach(function (key) {","            console[key + '_original'] = console[key];","            console[key] = function () {","                var element;","                console[key + '_original'].apply(console, arguments);","                element = document.querySelector('#outputTextareaStdout1');","                if (!element) {","                    return;","                }","                // append text to #outputTextareaStdout1","                element.value += Array.from(arguments).map(function (arg) {","                    return typeof arg === 'string'","                        ? arg","                        : JSON.stringify(arg, null, 4);","                }).join(' ') + '\\n';","                // scroll textarea to bottom","                element.scrollTop = element.scrollHeight;","            };","        });","        // init event-handling","        ['change', 'click', 'keyup'].forEach(function (event) {","            Array.from(document.querySelectorAll('.on' + event)).forEach(function (element) {","                element.addEventListener(event, local.testRunBrowser);","            });","        });","        // run tests","        local.testRunBrowser();","        break;","","","","    // run node js-env code - post-init","    /* istanbul ignore next */","    case 'node':","        // export local","        module.exports = local;","        // require modules","        local.fs = require('fs');","        local.http = require('http');","        local.url = require('url');","        // init assets","        local.assetsDict = local.assetsDict || {};","        /* jslint-ignore-begin */","        local.assetsDict['/assets.index.template.html'] = '\\","<!doctype html>\\n\\","<html lang=\"en\">\\n\\","<head>\\n\\","<meta charset=\"UTF-8\">\\n\\","<meta name=\"viewport\" content=\"width=device-width, initial-scale=1\">\\n\\","<title>{{env.npm_package_name}} (v{{env.npm_package_version}})</title>\\n\\","<style>\\n\\","/*csslint\\n\\","    box-sizing: false,\\n\\","    universal-selector: false\\n\\","*/\\n\\","* {\\n\\","    box-sizing: border-box;\\n\\","}\\n\\","body {\\n\\","    background: #dde;\\n\\","    font-family: Arial, Helvetica, sans-serif;\\n\\","    margin: 2rem;\\n\\","}\\n\\","body > * {\\n\\","    margin-bottom: 1rem;\\n\\","}\\n\\",".utility2FooterDiv {\\n\\","    margin-top: 20px;\\n\\","    text-align: center;\\n\\","}\\n\\","</style>\\n\\","<style>\\n\\","/*csslint\\n\\","*/\\n\\","textarea {\\n\\","    font-family: monospace;\\n\\","    height: 10rem;\\n\\","    width: 100%;\\n\\","}\\n\\","textarea[readonly] {\\n\\","    background: #ddd;\\n\\","}\\n\\","</style>\\n\\","</head>\\n\\","<body>\\n\\","<!-- utility2-comment\\n\\","<div id=\"ajaxProgressDiv1\" style=\"background: #d00; height: 2px; left: 0; margin: 0; padding: 0; position: fixed; top: 0; transition: background 0.5s, width 1.5s; width: 25%;\"></div>\\n\\","utility2-comment -->\\n\\","<h1>\\n\\","<!-- utility2-comment\\n\\","    <a\\n\\","        {{#if env.npm_package_homepage}}\\n\\","        href=\"{{env.npm_package_homepage}}\"\\n\\","        {{/if env.npm_package_homepage}}\\n\\","        target=\"_blank\"\\n\\","    >\\n\\","utility2-comment -->\\n\\","        {{env.npm_package_name}} (v{{env.npm_package_version}})\\n\\","<!-- utility2-comment\\n\\","    </a>\\n\\","utility2-comment -->\\n\\","</h1>\\n\\","<h3>{{env.npm_package_description}}</h3>\\n\\","<!-- utility2-comment\\n\\","<h4><a download href=\"assets.app.js\">download standalone app</a></h4>\\n\\","<button class=\"onclick onreset\" id=\"testRunButton1\">run internal test</button><br>\\n\\","<div id=\"testReportDiv1\" style=\"display: none;\"></div>\\n\\","utility2-comment -->\\n\\","\\n\\","\\n\\","\\n\\","<label>stderr and stdout</label>\\n\\","<textarea class=\"resettable\" id=\"outputTextareaStdout1\" readonly></textarea>\\n\\","<!-- utility2-comment\\n\\","{{#if isRollup}}\\n\\","<script src=\"assets.app.js\"></script>\\n\\","{{#unless isRollup}}\\n\\","utility2-comment -->\\n\\","<script src=\"assets.utility2.rollup.js\"></script>\\n\\","<script src=\"jsonp.utility2._stateInit?callback=window.utility2._stateInit\"></script>\\n\\","<script src=\"assets.npmtest_theo.rollup.js\"></script>\\n\\","<script src=\"assets.example.js\"></script>\\n\\","<script src=\"assets.test.js\"></script>\\n\\","<!-- utility2-comment\\n\\","{{/if isRollup}}\\n\\","utility2-comment -->\\n\\","<div class=\"utility2FooterDiv\">\\n\\","    [ this app was created with\\n\\","    <a href=\"https://github.com/kaizhu256/node-utility2\" target=\"_blank\">utility2</a>\\n\\","    ]\\n\\","</div>\\n\\","</body>\\n\\","</html>\\n\\","';","        /* jslint-ignore-end */","        if (local.templateRender) {","            local.assetsDict['/'] = local.templateRender(","                local.assetsDict['/assets.index.template.html'],","                {","                    env: local.objectSetDefault(local.env, {","                        npm_package_description: 'the greatest app in the world!',","                        npm_package_name: 'my-app',","                        npm_package_nameAlias: 'my_app',","                        npm_package_version: '0.0.1'","                    })","                }","            );","        } else {","            local.assetsDict['/'] = local.assetsDict['/assets.index.template.html']","                .replace((/\\{\\{env\\.(\\w+?)\\}\\}/g), function (match0, match1) {","                    // jslint-hack","                    String(match0);","                    switch (match1) {","                    case 'npm_package_description':","                        return 'the greatest app in the world!';","                    case 'npm_package_name':","                        return 'my-app';","                    case 'npm_package_nameAlias':","                        return 'my_app';","                    case 'npm_package_version':","                        return '0.0.1';","                    }","                });","        }","        // run the cli","        if (local.global.utility2_rollup || module !== require.main) {","            break;","        }","        local.assetsDict['/assets.example.js'] =","            local.assetsDict['/assets.example.js'] ||","            local.fs.readFileSync(__filename, 'utf8');","        // bug-workaround - long $npm_package_buildCustomOrg","        /* jslint-ignore-begin */","        local.assetsDict['/assets.npmtest_theo.rollup.js'] =","            local.assetsDict['/assets.npmtest_theo.rollup.js'] ||","            local.fs.readFileSync(","                local.npmtest_theo.__dirname + '/lib.npmtest_theo.js',","                'utf8'","            ).replace((/^#!/), '//');","        /* jslint-ignore-end */","        local.assetsDict['/favicon.ico'] = local.assetsDict['/favicon.ico'] || '';","        // if $npm_config_timeout_exit exists,","        // then exit this process after $npm_config_timeout_exit ms","        if (Number(process.env.npm_config_timeout_exit)) {","            setTimeout(process.exit, Number(process.env.npm_config_timeout_exit));","        }","        // start server","        if (local.global.utility2_serverHttp1) {","            break;","        }","        process.env.PORT = process.env.PORT || '8081';","        console.error('server starting on port ' + process.env.PORT);","        local.http.createServer(function (request, response) {","            request.urlParsed = local.url.parse(request.url);","            if (local.assetsDict[request.urlParsed.pathname] !== undefined) {","                response.end(local.assetsDict[request.urlParsed.pathname]);","                return;","            }","            response.statusCode = 404;","            response.end();","        }).listen(process.env.PORT);","        break;","    }","}());",""],"l":{"26":2,"28":2,"33":2,"35":2,"37":2,"38":2,"39":2,"44":1,"51":2,"55":2,"59":2,"61":2,"69":1,"70":2,"76":2,"79":2,"82":2,"83":2,"85":1,"89":2,"92":1,"93":1,"94":1,"96":1,"97":1,"100":1,"101":1,"103":1,"106":1,"108":2,"114":1,"116":1,"118":1,"123":1,"124":2,"125":2,"126":3,"127":3,"128":3,"129":3,"130":1,"133":3,"134":3,"139":3,"143":1,"144":3,"145":1,"149":1,"150":1,"158":1,"160":1,"161":1,"162":1,"164":1,"166":1,"258":1,"259":1,"271":1,"274":6,"275":6,"277":1,"279":2,"281":1,"283":2,"288":1,"289":1,"291":1,"296":1,"303":1,"306":1,"307":1,"310":1,"311":1,"313":1,"314":1,"315":1,"316":1,"317":1,"318":1,"319":1,"321":1,"322":1,"324":1}},"/home/travis/build/npmtest/node-npmtest-theo/node_modules/theo/lib/index.js":{"path":"/home/travis/build/npmtest/node-npmtest-theo/node_modules/theo/lib/index.js","s":{"1":1,"2":1,"3":1,"4":1,"5":1,"6":1,"7":1,"8":1,"9":1,"10":1,"11":1,"12":1,"13":1,"14":0,"15":1,"16":0,"17":0,"18":0,"19":1,"20":1,"21":7,"22":0,"23":7,"24":0,"25":7,"26":0,"27":7,"28":1,"29":0,"30":0,"31":1,"32":0,"33":0,"34":1,"35":0,"36":0,"37":1,"38":0,"39":0,"40":1,"41":0,"42":0,"43":0,"44":1,"45":0,"46":0,"47":1,"48":0,"49":0,"50":1,"51":1,"52":5,"53":0,"54":5,"55":0,"56":5,"57":8,"58":0,"59":5,"60":1,"61":1,"62":1,"63":1,"64":1,"65":1,"66":1,"67":18,"68":0,"69":18,"70":0,"71":18,"72":1,"73":0,"74":0,"75":0,"76":1,"77":0,"78":1,"79":0,"80":0,"81":0,"82":0,"83":0,"84":1,"85":0,"86":0,"87":0,"88":0,"89":0,"90":0,"91":0,"92":0,"93":0,"94":0,"95":0,"96":1,"97":0,"98":0,"99":1,"100":0,"101":0,"102":1,"103":0,"104":0,"105":0,"106":0,"107":0,"108":0,"109":0,"110":0,"111":0,"112":0,"113":0,"114":1,"115":0,"116":0,"117":0,"118":0,"119":0,"120":0,"121":0,"122":0,"123":0,"124":0,"125":0,"126":1,"127":0,"128":0,"129":0,"130":0,"131":0,"132":1,"133":0,"134":0,"135":1,"136":0,"137":0,"138":1,"139":0,"140":0,"141":1,"142":0,"143":0,"144":1,"145":0,"146":0,"147":0,"148":0,"149":0,"150":0,"151":0,"152":0,"153":0,"154":1,"155":0,"156":0,"157":0,"158":0,"159":0,"160":0,"161":0,"162":0,"163":0,"164":0,"165":0,"166":0,"167":0,"168":0,"169":1,"170":1,"171":0,"172":0,"173":0,"174":0,"175":0,"176":0,"177":0,"178":0,"179":0,"180":1,"181":0,"182":0,"183":0,"184":0,"185":0,"186":0,"187":0,"188":0,"189":0,"190":1,"191":0,"192":0,"193":0,"194":0,"195":0,"196":0,"197":0,"198":0,"199":0,"200":0,"201":0,"202":0,"203":0,"204":0,"205":0,"206":0,"207":0,"208":0,"209":0,"210":0,"211":0,"212":0,"213":0,"214":0,"215":0,"216":0,"217":0,"218":0,"219":0,"220":0,"221":0,"222":0,"223":0,"224":0,"225":0,"226":0,"227":0,"228":0,"229":0,"230":0,"231":0,"232":0,"233":0,"234":0,"235":0,"236":0,"237":0,"238":0,"239":0,"240":0,"241":0,"242":0,"243":0,"244":0,"245":0,"246":0,"247":0,"248":0,"249":0,"250":0,"251":0,"252":0},"b":{"1":[0,0],"2":[0,0],"3":[0,7],"4":[0,7],"5":[0,7],"6":[0,5],"7":[0,5],"8":[0,8],"9":[0,18],"10":[0,18],"11":[0,0],"12":[0,0],"13":[0,0],"14":[0,0],"15":[0,0],"16":[0,0],"17":[0,0],"18":[0,0],"19":[0,0],"20":[0,0],"21":[0,0],"22":[0,0],"23":[0,0],"24":[0,0],"25":[0,0],"26":[0,0],"27":[0,0],"28":[0,0],"29":[0,0],"30":[0,0],"31":[0,0],"32":[0,0],"33":[0,0],"34":[0,0],"35":[0,0],"36":[0,0],"37":[0,0],"38":[0,0],"39":[0,0],"40":[0,0],"41":[0,0],"42":[0,0],"43":[0,0],"44":[0,0],"45":[0,0],"46":[0,0]},"f":{"1":0,"2":0,"3":0},"fnMap":{"1":{"name":"(anonymous_1)","line":564,"loc":{"start":{"line":564,"column":21},"end":{"line":564,"column":37}}},"2":{"name":"(anonymous_2)","line":592,"loc":{"start":{"line":592,"column":16},"end":{"line":592,"column":32}}},"3":{"name":"(anonymous_3)","line":620,"loc":{"start":{"line":620,"column":13},"end":{"line":620,"column":29}}}},"statementMap":{"1":{"start":{"line":14,"column":0},"end":{"line":14,"column":28}},"2":{"start":{"line":15,"column":0},"end":{"line":15,"column":24}},"3":{"start":{"line":16,"column":0},"end":{"line":16,"column":27}},"4":{"start":{"line":17,"column":0},"end":{"line":17,"column":35}},"5":{"start":{"line":18,"column":0},"end":{"line":18,"column":34}},"6":{"start":{"line":19,"column":0},"end":{"line":19,"column":39}},"7":{"start":{"line":21,"column":0},"end":{"line":21,"column":30}},"8":{"start":{"line":22,"column":0},"end":{"line":22,"column":45}},"9":{"start":{"line":23,"column":0},"end":{"line":23,"column":45}},"10":{"start":{"line":24,"column":0},"end":{"line":24,"column":41}},"11":{"start":{"line":26,"column":0},"end":{"line":26,"column":37}},"12":{"start":{"line":28,"column":0},"end":{"line":28,"column":45}},"13":{"start":{"line":34,"column":0},"end":{"line":38,"column":11}},"14":{"start":{"line":35,"column":2},"end":{"line":38,"column":11}},"15":{"start":{"line":40,"column":0},"end":{"line":44,"column":1}},"16":{"start":{"line":41,"column":2},"end":{"line":41,"column":104}},"17":{"start":{"line":42,"column":2},"end":{"line":42,"column":88}},"18":{"start":{"line":43,"column":2},"end":{"line":43,"column":68}},"19":{"start":{"line":50,"column":0},"end":{"line":50,"column":25}},"20":{"start":{"line":52,"column":0},"end":{"line":66,"column":1}},"21":{"start":{"line":53,"column":2},"end":{"line":55,"column":3}},"22":{"start":{"line":54,"column":4},"end":{"line":54,"column":59}},"23":{"start":{"line":56,"column":2},"end":{"line":58,"column":3}},"24":{"start":{"line":57,"column":4},"end":{"line":57,"column":64}},"25":{"start":{"line":59,"column":2},"end":{"line":61,"column":3}},"26":{"start":{"line":60,"column":4},"end":{"line":60,"column":68}},"27":{"start":{"line":62,"column":2},"end":{"line":65,"column":3}},"28":{"start":{"line":68,"column":0},"end":{"line":71,"column":1}},"29":{"start":{"line":69,"column":10},"end":{"line":69,"column":31}},"30":{"start":{"line":70,"column":10},"end":{"line":70,"column":45}},"31":{"start":{"line":73,"column":0},"end":{"line":76,"column":1}},"32":{"start":{"line":74,"column":10},"end":{"line":74,"column":31}},"33":{"start":{"line":75,"column":10},"end":{"line":75,"column":45}},"34":{"start":{"line":81,"column":0},"end":{"line":84,"column":1}},"35":{"start":{"line":82,"column":10},"end":{"line":82,"column":31}},"36":{"start":{"line":83,"column":10},"end":{"line":83,"column":46}},"37":{"start":{"line":89,"column":0},"end":{"line":92,"column":1}},"38":{"start":{"line":90,"column":10},"end":{"line":90,"column":31}},"39":{"start":{"line":91,"column":10},"end":{"line":91,"column":81}},"40":{"start":{"line":94,"column":0},"end":{"line":97,"column":1}},"41":{"start":{"line":95,"column":10},"end":{"line":95,"column":30}},"42":{"start":{"line":96,"column":10},"end":{"line":96,"column":103}},"43":{"start":{"line":96,"column":78},"end":{"line":96,"column":102}},"44":{"start":{"line":99,"column":0},"end":{"line":102,"column":1}},"45":{"start":{"line":100,"column":10},"end":{"line":100,"column":44}},"46":{"start":{"line":101,"column":18},"end":{"line":101,"column":37}},"47":{"start":{"line":104,"column":0},"end":{"line":107,"column":1}},"48":{"start":{"line":105,"column":10},"end":{"line":105,"column":44}},"49":{"start":{"line":106,"column":18},"end":{"line":106,"column":57}},"50":{"start":{"line":113,"column":0},"end":{"line":113,"column":19}},"51":{"start":{"line":115,"column":0},"end":{"line":128,"column":1}},"52":{"start":{"line":116,"column":2},"end":{"line":118,"column":3}},"53":{"start":{"line":117,"column":4},"end":{"line":117,"column":54}},"54":{"start":{"line":119,"column":2},"end":{"line":121,"column":3}},"55":{"start":{"line":120,"column":4},"end":{"line":120,"column":86}},"56":{"start":{"line":122,"column":2},"end":{"line":126,"column":4}},"57":{"start":{"line":123,"column":4},"end":{"line":125,"column":5}},"58":{"start":{"line":124,"column":6},"end":{"line":124,"column":88}},"59":{"start":{"line":127,"column":2},"end":{"line":127,"column":36}},"60":{"start":{"line":130,"column":0},"end":{"line":132,"column":2}},"61":{"start":{"line":134,"column":0},"end":{"line":136,"column":2}},"62":{"start":{"line":138,"column":0},"end":{"line":142,"column":2}},"63":{"start":{"line":144,"column":0},"end":{"line":148,"column":2}},"64":{"start":{"line":150,"column":0},"end":{"line":152,"column":2}},"65":{"start":{"line":158,"column":0},"end":{"line":158,"column":16}},"66":{"start":{"line":160,"column":0},"end":{"line":168,"column":1}},"67":{"start":{"line":161,"column":2},"end":{"line":163,"column":3}},"68":{"start":{"line":162,"column":4},"end":{"line":162,"column":51}},"69":{"start":{"line":164,"column":2},"end":{"line":166,"column":3}},"70":{"start":{"line":165,"column":4},"end":{"line":165,"column":58}},"71":{"start":{"line":167,"column":2},"end":{"line":167,"column":27}},"72":{"start":{"line":170,"column":0},"end":{"line":176,"column":2}},"73":{"start":{"line":171,"column":2},"end":{"line":174,"column":57}},"74":{"start":{"line":174,"column":7},"end":{"line":174,"column":54}},"75":{"start":{"line":175,"column":2},"end":{"line":175,"column":40}},"76":{"start":{"line":178,"column":0},"end":{"line":179,"column":32}},"77":{"start":{"line":179,"column":2},"end":{"line":179,"column":31}},"78":{"start":{"line":181,"column":0},"end":{"line":190,"column":2}},"79":{"start":{"line":182,"column":2},"end":{"line":188,"column":3}},"80":{"start":{"line":184,"column":6},"end":{"line":184,"column":32}},"81":{"start":{"line":185,"column":6},"end":{"line":185,"column":38}},"82":{"start":{"line":186,"column":6},"end":{"line":186,"column":17}},"83":{"start":{"line":189,"column":2},"end":{"line":189,"column":40}},"84":{"start":{"line":192,"column":0},"end":{"line":212,"column":2}},"85":{"start":{"line":193,"column":2},"end":{"line":198,"column":3}},"86":{"start":{"line":194,"column":4},"end":{"line":196,"column":5}},"87":{"start":{"line":195,"column":6},"end":{"line":195,"column":20}},"88":{"start":{"line":197,"column":4},"end":{"line":197,"column":21}},"89":{"start":{"line":199,"column":2},"end":{"line":204,"column":17}},"90":{"start":{"line":200,"column":4},"end":{"line":200,"column":32}},"91":{"start":{"line":201,"column":4},"end":{"line":201,"column":28}},"92":{"start":{"line":202,"column":4},"end":{"line":202,"column":40}},"93":{"start":{"line":203,"column":4},"end":{"line":203,"column":86}},"94":{"start":{"line":205,"column":2},"end":{"line":210,"column":3}},"95":{"start":{"line":211,"column":2},"end":{"line":211,"column":25}},"96":{"start":{"line":214,"column":0},"end":{"line":220,"column":15}},"97":{"start":{"line":215,"column":2},"end":{"line":220,"column":14}},"98":{"start":{"line":216,"column":4},"end":{"line":219,"column":17}},"99":{"start":{"line":222,"column":0},"end":{"line":228,"column":15}},"100":{"start":{"line":223,"column":2},"end":{"line":228,"column":14}},"101":{"start":{"line":224,"column":4},"end":{"line":227,"column":17}},"102":{"start":{"line":230,"column":0},"end":{"line":247,"column":2}},"103":{"start":{"line":231,"column":2},"end":{"line":231,"column":57}},"104":{"start":{"line":232,"column":2},"end":{"line":232,"column":54}},"105":{"start":{"line":232,"column":28},"end":{"line":232,"column":39}},"106":{"start":{"line":233,"column":2},"end":{"line":233,"column":93}},"107":{"start":{"line":234,"column":2},"end":{"line":234,"column":31}},"108":{"start":{"line":235,"column":2},"end":{"line":240,"column":3}},"109":{"start":{"line":236,"column":4},"end":{"line":236,"column":48}},"110":{"start":{"line":237,"column":4},"end":{"line":239,"column":5}},"111":{"start":{"line":238,"column":6},"end":{"line":238,"column":14}},"112":{"start":{"line":241,"column":2},"end":{"line":245,"column":3}},"113":{"start":{"line":246,"column":2},"end":{"line":246,"column":28}},"114":{"start":{"line":249,"column":0},"end":{"line":275,"column":2}},"115":{"start":{"line":250,"column":2},"end":{"line":252,"column":4}},"116":{"start":{"line":253,"column":2},"end":{"line":258,"column":17}},"117":{"start":{"line":254,"column":4},"end":{"line":257,"column":19}},"118":{"start":{"line":259,"column":2},"end":{"line":261,"column":24}},"119":{"start":{"line":262,"column":2},"end":{"line":262,"column":47}},"120":{"start":{"line":263,"column":2},"end":{"line":268,"column":3}},"121":{"start":{"line":264,"column":4},"end":{"line":264,"column":48}},"122":{"start":{"line":265,"column":4},"end":{"line":267,"column":5}},"123":{"start":{"line":266,"column":6},"end":{"line":266,"column":14}},"124":{"start":{"line":269,"column":2},"end":{"line":273,"column":3}},"125":{"start":{"line":274,"column":2},"end":{"line":274,"column":28}},"126":{"start":{"line":277,"column":0},"end":{"line":286,"column":2}},"127":{"start":{"line":278,"column":2},"end":{"line":280,"column":4}},"128":{"start":{"line":281,"column":2},"end":{"line":284,"column":4}},"129":{"start":{"line":282,"column":4},"end":{"line":282,"column":45}},"130":{"start":{"line":283,"column":4},"end":{"line":283,"column":33}},"131":{"start":{"line":285,"column":2},"end":{"line":285,"column":43}},"132":{"start":{"line":288,"column":0},"end":{"line":294,"column":15}},"133":{"start":{"line":289,"column":2},"end":{"line":294,"column":14}},"134":{"start":{"line":290,"column":4},"end":{"line":293,"column":17}},"135":{"start":{"line":296,"column":0},"end":{"line":302,"column":15}},"136":{"start":{"line":297,"column":2},"end":{"line":302,"column":14}},"137":{"start":{"line":298,"column":4},"end":{"line":301,"column":17}},"138":{"start":{"line":304,"column":0},"end":{"line":310,"column":15}},"139":{"start":{"line":305,"column":2},"end":{"line":310,"column":14}},"140":{"start":{"line":306,"column":4},"end":{"line":309,"column":17}},"141":{"start":{"line":312,"column":0},"end":{"line":318,"column":15}},"142":{"start":{"line":313,"column":2},"end":{"line":318,"column":14}},"143":{"start":{"line":314,"column":4},"end":{"line":317,"column":17}},"144":{"start":{"line":320,"column":0},"end":{"line":337,"column":2}},"145":{"start":{"line":321,"column":2},"end":{"line":321,"column":75}},"146":{"start":{"line":322,"column":2},"end":{"line":322,"column":82}},"147":{"start":{"line":323,"column":2},"end":{"line":325,"column":17}},"148":{"start":{"line":324,"column":4},"end":{"line":324,"column":49}},"149":{"start":{"line":326,"column":2},"end":{"line":328,"column":16}},"150":{"start":{"line":327,"column":4},"end":{"line":327,"column":95}},"151":{"start":{"line":329,"column":2},"end":{"line":329,"column":86}},"152":{"start":{"line":330,"column":2},"end":{"line":335,"column":3}},"153":{"start":{"line":336,"column":2},"end":{"line":336,"column":25}},"154":{"start":{"line":339,"column":0},"end":{"line":365,"column":2}},"155":{"start":{"line":340,"column":2},"end":{"line":342,"column":17}},"156":{"start":{"line":341,"column":4},"end":{"line":341,"column":44}},"157":{"start":{"line":343,"column":2},"end":{"line":343,"column":82}},"158":{"start":{"line":344,"column":2},"end":{"line":354,"column":17}},"159":{"start":{"line":345,"column":4},"end":{"line":345,"column":32}},"160":{"start":{"line":346,"column":4},"end":{"line":346,"column":35}},"161":{"start":{"line":347,"column":4},"end":{"line":352,"column":8}},"162":{"start":{"line":348,"column":6},"end":{"line":350,"column":7}},"163":{"start":{"line":349,"column":8},"end":{"line":349,"column":59}},"164":{"start":{"line":351,"column":6},"end":{"line":351,"column":15}},"165":{"start":{"line":353,"column":4},"end":{"line":353,"column":81}},"166":{"start":{"line":355,"column":2},"end":{"line":357,"column":21}},"167":{"start":{"line":358,"column":2},"end":{"line":363,"column":3}},"168":{"start":{"line":364,"column":2},"end":{"line":364,"column":25}},"169":{"start":{"line":367,"column":0},"end":{"line":367,"column":49}},"170":{"start":{"line":369,"column":0},"end":{"line":390,"column":2}},"171":{"start":{"line":370,"column":2},"end":{"line":383,"column":39}},"172":{"start":{"line":371,"column":4},"end":{"line":371,"column":32}},"173":{"start":{"line":372,"column":4},"end":{"line":372,"column":35}},"174":{"start":{"line":373,"column":4},"end":{"line":373,"column":26}},"175":{"start":{"line":374,"column":4},"end":{"line":378,"column":5}},"176":{"start":{"line":377,"column":8},"end":{"line":377,"column":28}},"177":{"start":{"line":379,"column":4},"end":{"line":382,"column":23}},"178":{"start":{"line":384,"column":2},"end":{"line":388,"column":3}},"179":{"start":{"line":389,"column":2},"end":{"line":389,"column":28}},"180":{"start":{"line":392,"column":0},"end":{"line":415,"column":2}},"181":{"start":{"line":393,"column":2},"end":{"line":406,"column":41}},"182":{"start":{"line":394,"column":4},"end":{"line":394,"column":32}},"183":{"start":{"line":395,"column":4},"end":{"line":395,"column":35}},"184":{"start":{"line":396,"column":4},"end":{"line":396,"column":26}},"185":{"start":{"line":397,"column":4},"end":{"line":401,"column":5}},"186":{"start":{"line":400,"column":8},"end":{"line":400,"column":28}},"187":{"start":{"line":402,"column":4},"end":{"line":405,"column":25}},"188":{"start":{"line":407,"column":2},"end":{"line":413,"column":3}},"189":{"start":{"line":414,"column":2},"end":{"line":414,"column":28}},"190":{"start":{"line":421,"column":0},"end":{"line":633,"column":1}},"191":{"start":{"line":434,"column":6},"end":{"line":434,"column":36}},"192":{"start":{"line":435,"column":6},"end":{"line":443,"column":8}},"193":{"start":{"line":436,"column":8},"end":{"line":436,"column":49}},"194":{"start":{"line":436,"column":17},"end":{"line":436,"column":49}},"195":{"start":{"line":437,"column":8},"end":{"line":440,"column":10}},"196":{"start":{"line":441,"column":8},"end":{"line":441,"column":26}},"197":{"start":{"line":442,"column":8},"end":{"line":442,"column":20}},"198":{"start":{"line":444,"column":6},"end":{"line":444,"column":19}},"199":{"start":{"line":453,"column":6},"end":{"line":455,"column":7}},"200":{"start":{"line":454,"column":8},"end":{"line":454,"column":64}},"201":{"start":{"line":456,"column":6},"end":{"line":458,"column":7}},"202":{"start":{"line":457,"column":8},"end":{"line":457,"column":66}},"203":{"start":{"line":459,"column":6},"end":{"line":459,"column":74}},"204":{"start":{"line":459,"column":51},"end":{"line":459,"column":73}},"205":{"start":{"line":460,"column":6},"end":{"line":468,"column":8}},"206":{"start":{"line":461,"column":8},"end":{"line":461,"column":34}},"207":{"start":{"line":462,"column":8},"end":{"line":466,"column":9}},"208":{"start":{"line":463,"column":10},"end":{"line":463,"column":92}},"209":{"start":{"line":465,"column":10},"end":{"line":465,"column":26}},"210":{"start":{"line":467,"column":8},"end":{"line":467,"column":27}},"211":{"start":{"line":478,"column":6},"end":{"line":484,"column":8}},"212":{"start":{"line":479,"column":8},"end":{"line":483,"column":9}},"213":{"start":{"line":480,"column":10},"end":{"line":480,"column":47}},"214":{"start":{"line":481,"column":10},"end":{"line":481,"column":26}},"215":{"start":{"line":482,"column":10},"end":{"line":482,"column":33}},"216":{"start":{"line":494,"column":6},"end":{"line":497,"column":7}},"217":{"start":{"line":495,"column":27},"end":{"line":495,"column":31}},"218":{"start":{"line":496,"column":26},"end":{"line":496,"column":30}},"219":{"start":{"line":498,"column":6},"end":{"line":500,"column":7}},"220":{"start":{"line":499,"column":8},"end":{"line":499,"column":61}},"221":{"start":{"line":501,"column":6},"end":{"line":501,"column":46}},"222":{"start":{"line":502,"column":6},"end":{"line":504,"column":7}},"223":{"start":{"line":503,"column":8},"end":{"line":503,"column":74}},"224":{"start":{"line":505,"column":6},"end":{"line":507,"column":7}},"225":{"start":{"line":506,"column":8},"end":{"line":506,"column":71}},"226":{"start":{"line":509,"column":6},"end":{"line":511,"column":7}},"227":{"start":{"line":510,"column":8},"end":{"line":510,"column":62}},"228":{"start":{"line":512,"column":6},"end":{"line":512,"column":35}},"229":{"start":{"line":513,"column":6},"end":{"line":537,"column":8}},"230":{"start":{"line":514,"column":8},"end":{"line":514,"column":34}},"231":{"start":{"line":516,"column":8},"end":{"line":516,"column":47}},"232":{"start":{"line":518,"column":8},"end":{"line":518,"column":64}},"233":{"start":{"line":520,"column":8},"end":{"line":523,"column":18}},"234":{"start":{"line":525,"column":8},"end":{"line":528,"column":14}},"235":{"start":{"line":526,"column":10},"end":{"line":526,"column":33}},"236":{"start":{"line":527,"column":10},"end":{"line":527,"column":22}},"237":{"start":{"line":529,"column":8},"end":{"line":529,"column":47}},"238":{"start":{"line":531,"column":8},"end":{"line":533,"column":11}},"239":{"start":{"line":535,"column":8},"end":{"line":535,"column":57}},"240":{"start":{"line":536,"column":8},"end":{"line":536,"column":27}},"241":{"start":{"line":557,"column":40},"end":{"line":557,"column":85}},"242":{"start":{"line":565,"column":4},"end":{"line":567,"column":5}},"243":{"start":{"line":566,"column":6},"end":{"line":566,"column":69}},"244":{"start":{"line":568,"column":4},"end":{"line":568,"column":46}},"245":{"start":{"line":585,"column":35},"end":{"line":585,"column":74}},"246":{"start":{"line":593,"column":4},"end":{"line":595,"column":5}},"247":{"start":{"line":594,"column":6},"end":{"line":594,"column":64}},"248":{"start":{"line":596,"column":4},"end":{"line":596,"column":40}},"249":{"start":{"line":613,"column":32},"end":{"line":613,"column":68}},"250":{"start":{"line":621,"column":4},"end":{"line":623,"column":5}},"251":{"start":{"line":622,"column":6},"end":{"line":622,"column":61}},"252":{"start":{"line":624,"column":4},"end":{"line":624,"column":24}}},"branchMap":{"1":{"line":41,"type":"cond-expr","locations":[{"start":{"line":41,"column":75},"end":{"line":41,"column":98}},{"start":{"line":41,"column":101},"end":{"line":41,"column":104}}]},"2":{"line":42,"type":"cond-expr","locations":[{"start":{"line":42,"column":65},"end":{"line":42,"column":83}},{"start":{"line":42,"column":86},"end":{"line":42,"column":88}}]},"3":{"line":53,"type":"if","locations":[{"start":{"line":53,"column":2},"end":{"line":53,"column":2}},{"start":{"line":53,"column":2},"end":{"line":53,"column":2}}]},"4":{"line":56,"type":"if","locations":[{"start":{"line":56,"column":2},"end":{"line":56,"column":2}},{"start":{"line":56,"column":2},"end":{"line":56,"column":2}}]},"5":{"line":59,"type":"if","locations":[{"start":{"line":59,"column":2},"end":{"line":59,"column":2}},{"start":{"line":59,"column":2},"end":{"line":59,"column":2}}]},"6":{"line":116,"type":"if","locations":[{"start":{"line":116,"column":2},"end":{"line":116,"column":2}},{"start":{"line":116,"column":2},"end":{"line":116,"column":2}}]},"7":{"line":119,"type":"if","locations":[{"start":{"line":119,"column":2},"end":{"line":119,"column":2}},{"start":{"line":119,"column":2},"end":{"line":119,"column":2}}]},"8":{"line":123,"type":"if","locations":[{"start":{"line":123,"column":4},"end":{"line":123,"column":4}},{"start":{"line":123,"column":4},"end":{"line":123,"column":4}}]},"9":{"line":161,"type":"if","locations":[{"start":{"line":161,"column":2},"end":{"line":161,"column":2}},{"start":{"line":161,"column":2},"end":{"line":161,"column":2}}]},"10":{"line":164,"type":"if","locations":[{"start":{"line":164,"column":2},"end":{"line":164,"column":2}},{"start":{"line":164,"column":2},"end":{"line":164,"column":2}}]},"11":{"line":194,"type":"if","locations":[{"start":{"line":194,"column":4},"end":{"line":194,"column":4}},{"start":{"line":194,"column":4},"end":{"line":194,"column":4}}]},"12":{"line":217,"type":"cond-expr","locations":[{"start":{"line":217,"column":34},"end":{"line":217,"column":66}},{"start":{"line":217,"column":69},"end":{"line":217,"column":71}}]},"13":{"line":225,"type":"cond-expr","locations":[{"start":{"line":225,"column":34},"end":{"line":225,"column":66}},{"start":{"line":225,"column":69},"end":{"line":225,"column":71}}]},"14":{"line":231,"type":"cond-expr","locations":[{"start":{"line":231,"column":42},"end":{"line":231,"column":52}},{"start":{"line":231,"column":55},"end":{"line":231,"column":57}}]},"15":{"line":235,"type":"if","locations":[{"start":{"line":235,"column":2},"end":{"line":235,"column":2}},{"start":{"line":235,"column":2},"end":{"line":235,"column":2}}]},"16":{"line":237,"type":"if","locations":[{"start":{"line":237,"column":4},"end":{"line":237,"column":4}},{"start":{"line":237,"column":4},"end":{"line":237,"column":4}}]},"17":{"line":255,"type":"cond-expr","locations":[{"start":{"line":255,"column":34},"end":{"line":255,"column":66}},{"start":{"line":255,"column":69},"end":{"line":255,"column":71}}]},"18":{"line":263,"type":"if","locations":[{"start":{"line":263,"column":2},"end":{"line":263,"column":2}},{"start":{"line":263,"column":2},"end":{"line":263,"column":2}}]},"19":{"line":265,"type":"if","locations":[{"start":{"line":265,"column":4},"end":{"line":265,"column":4}},{"start":{"line":265,"column":4},"end":{"line":265,"column":4}}]},"20":{"line":291,"type":"cond-expr","locations":[{"start":{"line":291,"column":34},"end":{"line":291,"column":66}},{"start":{"line":291,"column":69},"end":{"line":291,"column":71}}]},"21":{"line":299,"type":"cond-expr","locations":[{"start":{"line":299,"column":34},"end":{"line":299,"column":66}},{"start":{"line":299,"column":69},"end":{"line":299,"column":71}}]},"22":{"line":307,"type":"cond-expr","locations":[{"start":{"line":307,"column":34},"end":{"line":307,"column":66}},{"start":{"line":307,"column":69},"end":{"line":307,"column":71}}]},"23":{"line":315,"type":"cond-expr","locations":[{"start":{"line":315,"column":34},"end":{"line":315,"column":66}},{"start":{"line":315,"column":69},"end":{"line":315,"column":71}}]},"24":{"line":321,"type":"cond-expr","locations":[{"start":{"line":321,"column":54},"end":{"line":321,"column":70}},{"start":{"line":321,"column":73},"end":{"line":321,"column":75}}]},"25":{"line":322,"type":"cond-expr","locations":[{"start":{"line":322,"column":59},"end":{"line":322,"column":75}},{"start":{"line":322,"column":78},"end":{"line":322,"column":82}}]},"26":{"line":329,"type":"cond-expr","locations":[{"start":{"line":329,"column":30},"end":{"line":329,"column":69}},{"start":{"line":329,"column":72},"end":{"line":329,"column":86}}]},"27":{"line":343,"type":"cond-expr","locations":[{"start":{"line":343,"column":59},"end":{"line":343,"column":75}},{"start":{"line":343,"column":78},"end":{"line":343,"column":82}}]},"28":{"line":348,"type":"if","locations":[{"start":{"line":348,"column":6},"end":{"line":348,"column":6}},{"start":{"line":348,"column":6},"end":{"line":348,"column":6}}]},"29":{"line":355,"type":"cond-expr","locations":[{"start":{"line":356,"column":6},"end":{"line":356,"column":46}},{"start":{"line":357,"column":6},"end":{"line":357,"column":21}}]},"30":{"line":374,"type":"switch","locations":[{"start":{"line":375,"column":6},"end":{"line":375,"column":20}},{"start":{"line":376,"column":6},"end":{"line":377,"column":28}}]},"31":{"line":380,"type":"cond-expr","locations":[{"start":{"line":380,"column":22},"end":{"line":380,"column":42}},{"start":{"line":380,"column":45},"end":{"line":380,"column":47}}]},"32":{"line":397,"type":"switch","locations":[{"start":{"line":398,"column":6},"end":{"line":398,"column":20}},{"start":{"line":399,"column":6},"end":{"line":400,"column":28}}]},"33":{"line":403,"type":"cond-expr","locations":[{"start":{"line":403,"column":22},"end":{"line":403,"column":42}},{"start":{"line":403,"column":45},"end":{"line":403,"column":47}}]},"34":{"line":436,"type":"if","locations":[{"start":{"line":436,"column":8},"end":{"line":436,"column":8}},{"start":{"line":436,"column":8},"end":{"line":436,"column":8}}]},"35":{"line":453,"type":"if","locations":[{"start":{"line":453,"column":6},"end":{"line":453,"column":6}},{"start":{"line":453,"column":6},"end":{"line":453,"column":6}}]},"36":{"line":453,"type":"binary-expr","locations":[{"start":{"line":453,"column":10},"end":{"line":453,"column":40}},{"start":{"line":453,"column":44},"end":{"line":453,"column":71}}]},"37":{"line":456,"type":"if","locations":[{"start":{"line":456,"column":6},"end":{"line":456,"column":6}},{"start":{"line":456,"column":6},"end":{"line":456,"column":6}}]},"38":{"line":479,"type":"if","locations":[{"start":{"line":479,"column":8},"end":{"line":479,"column":8}},{"start":{"line":479,"column":8},"end":{"line":479,"column":8}}]},"39":{"line":479,"type":"binary-expr","locations":[{"start":{"line":479,"column":12},"end":{"line":479,"column":42}},{"start":{"line":479,"column":46},"end":{"line":479,"column":61}}]},"40":{"line":498,"type":"if","locations":[{"start":{"line":498,"column":6},"end":{"line":498,"column":6}},{"start":{"line":498,"column":6},"end":{"line":498,"column":6}}]},"41":{"line":502,"type":"if","locations":[{"start":{"line":502,"column":6},"end":{"line":502,"column":6}},{"start":{"line":502,"column":6},"end":{"line":502,"column":6}}]},"42":{"line":505,"type":"if","locations":[{"start":{"line":505,"column":6},"end":{"line":505,"column":6}},{"start":{"line":505,"column":6},"end":{"line":505,"column":6}}]},"43":{"line":509,"type":"if","locations":[{"start":{"line":509,"column":6},"end":{"line":509,"column":6}},{"start":{"line":509,"column":6},"end":{"line":509,"column":6}}]},"44":{"line":565,"type":"if","locations":[{"start":{"line":565,"column":4},"end":{"line":565,"column":4}},{"start":{"line":565,"column":4},"end":{"line":565,"column":4}}]},"45":{"line":593,"type":"if","locations":[{"start":{"line":593,"column":4},"end":{"line":593,"column":4}},{"start":{"line":593,"column":4},"end":{"line":593,"column":4}}]},"46":{"line":621,"type":"if","locations":[{"start":{"line":621,"column":4},"end":{"line":621,"column":4}},{"start":{"line":621,"column":4},"end":{"line":621,"column":4}}]}},"code":["/* eslint new-cap: off */","/*","Copyright (c) 2015, salesforce.com, inc. All rights reserved.","","Redistribution and use in source and binary forms, with or without modification, are permitted provided that the following conditions are met:","","Redistributions of source code must retain the above copyright notice, this list of conditions and the following disclaimer.","Redistributions in binary form must reproduce the above copyright notice, this list of conditions and the following disclaimer in the documentation and/or other materials provided with the distribution.","Neither the name of salesforce.com, inc. nor the names of its contributors may be used to endorse or promote products derived from this software without specific prior written permission.","","THIS SOFTWARE IS PROVIDED BY THE COPYRIGHT HOLDERS AND CONTRIBUTORS \"AS IS\" AND ANY EXPRESS OR IMPLIED WARRANTIES, INCLUDING, BUT NOT LIMITED TO, THE IMPLIED WARRANTIES OF MERCHANTABILITY AND FITNESS FOR A PARTICULAR PURPOSE ARE DISCLAIMED. IN NO EVENT SHALL THE COPYRIGHT OWNER OR CONTRIBUTORS BE LIABLE FOR ANY DIRECT, INDIRECT, INCIDENTAL, SPECIAL, EXEMPLARY, OR CONSEQUENTIAL DAMAGES (INCLUDING, BUT NOT LIMITED TO, PROCUREMENT OF SUBSTITUTE GOODS OR SERVICES; LOSS OF USE, DATA, OR PROFITS; OR BUSINESS INTERRUPTION) H
[...]
ymous_18)","line":210,"loc":{"start":{"line":210,"column":17},"end":{"line":210,"column":25}}},"19":{"name":"(anonymous_19)","line":217,"loc":{"start":{"line":217,"column":27},"end":{"line":217,"column":35}}},"20":{"name":"(anonymous_20)","line":224,"loc":{"start":{"line":224,"column":19},"end":{"line":224,"column":27}}},"21":{"name":"(anonymous_21)","line":231,"loc":{"start":{"line":231,"column":18},"end":{"line":231,"column":26}}},"22":{"name":"(anonymous_22)","line":238,"loc":{"start":{"line":238,"column":18},"end":{"line":238,"column":26}}},"23":{"name":"(anonymous_23)","line":249,"loc":{"start":{"line":249,"column":19},"end":{"line":249,"column":27}}},"24":{"name":"(anonymous_24)","line":260,"loc":{"start":{"line":260,"column":13},"end":{"line":260,"column":21}}},"25":{"name":"(anonymous_25)","line":267,"loc":{"start":{"line":267,"column":19},"end":{"line":267,"column":27}}},"26":{"name":"(anonymous_26)","line":274,"loc":{"start":{"line":274,"column":16},"end":{"line":274,"column":36}}},"27":{"name":"(anonymous_27)","line":292,"loc":{"start":{"line":292,"column":9},"end":{"line":292,"column":12}}}},"statementMap":{"1":{"start":{"line":13,"column":0},"end":{"line":13,"column":39}},"2":{"start":{"line":14,"column":0},"end":{"line":14,"column":43}},"3":{"start":{"line":15,"column":0},"end":{"line":15,"column":45}},"4":{"start":{"line":20,"column":4},"end":{"line":20,"column":53}},"5":{"start":{"line":24,"column":4},"end":{"line":33,"column":5}},"6":{"start":{"line":37,"column":4},"end":{"line":37,"column":35}},"7":{"start":{"line":38,"column":4},"end":{"line":49,"column":5}},"8":{"start":{"line":53,"column":4},"end":{"line":60,"column":6}},"9":{"start":{"line":54,"column":6},"end":{"line":58,"column":7}},"10":{"start":{"line":59,"column":6},"end":{"line":59,"column":42}},"11":{"start":{"line":64,"column":4},"end":{"line":71,"column":6}},"12":{"start":{"line":65,"column":6},"end":{"line":69,"column":7}},"13":{"start":{"line":70,"column":6},"end":{"line":70,"column":42}},"14":{"start":{"line":75,"column":4},"end":{"line":84,"column":6}},"15":{"start":{"line":76,"column":6},"end":{"line":82,"column":7}},"16":{"start":{"line":83,"column":6},"end":{"line":83,"column":42}},"17":{"start":{"line":88,"column":4},"end":{"line":97,"column":6}},"18":{"start":{"line":89,"column":6},"end":{"line":95,"column":7}},"19":{"start":{"line":96,"column":6},"end":{"line":96,"column":42}},"20":{"start":{"line":101,"column":4},"end":{"line":110,"column":6}},"21":{"start":{"line":102,"column":6},"end":{"line":108,"column":7}},"22":{"start":{"line":109,"column":6},"end":{"line":109,"column":42}},"23":{"start":{"line":114,"column":4},"end":{"line":123,"column":6}},"24":{"start":{"line":115,"column":6},"end":{"line":121,"column":7}},"25":{"start":{"line":122,"column":6},"end":{"line":122,"column":42}},"26":{"start":{"line":127,"column":4},"end":{"line":139,"column":6}},"27":{"start":{"line":128,"column":6},"end":{"line":128,"column":71}},"28":{"start":{"line":129,"column":6},"end":{"line":137,"column":7}},"29":{"start":{"line":138,"column":6},"end":{"line":138,"column":42}},"30":{"start":{"line":143,"column":4},"end":{"line":152,"column":6}},"31":{"start":{"line":144,"column":6},"end":{"line":150,"column":7}},"32":{"start":{"line":151,"column":6},"end":{"line":151,"column":42}},"33":{"start":{"line":156,"column":4},"end":{"line":159,"column":6}},"34":{"start":{"line":157,"column":6},"end":{"line":157,"column":62}},"35":{"start":{"line":158,"column":6},"end":{"line":158,"column":42}},"36":{"start":{"line":163,"column":4},"end":{"line":166,"column":6}},"37":{"start":{"line":164,"column":6},"end":{"line":164,"column":72}},"38":{"start":{"line":165,"column":6},"end":{"line":165,"column":42}},"39":{"start":{"line":170,"column":4},"end":{"line":177,"column":6}},"40":{"start":{"line":171,"column":6},"end":{"line":175,"column":7}},"41":{"start":{"line":176,"column":6},"end":{"line":176,"column":42}},"42":{"start":{"line":181,"column":4},"end":{"line":189,"column":6}},"43":{"start":{"line":182,"column":6},"end":{"line":182,"column":37}},"44":{"start":{"line":183,"column":6},"end":{"line":187,"column":7}},"45":{"start":{"line":188,"column":6},"end":{"line":188,"column":42}},"46":{"start":{"line":193,"column":4},"end":{"line":200,"column":6}},"47":{"start":{"line":194,"column":6},"end":{"line":198,"column":7}},"48":{"start":{"line":199,"column":6},"end":{"line":199,"column":42}},"49":{"start":{"line":204,"column":4},"end":{"line":207,"column":6}},"50":{"start":{"line":205,"column":6},"end":{"line":205,"column":99}},"51":{"start":{"line":206,"column":6},"end":{"line":206,"column":42}},"52":{"start":{"line":211,"column":4},"end":{"line":214,"column":6}},"53":{"start":{"line":212,"column":6},"end":{"line":212,"column":66}},"54":{"start":{"line":213,"column":6},"end":{"line":213,"column":42}},"55":{"start":{"line":218,"column":4},"end":{"line":221,"column":6}},"56":{"start":{"line":219,"column":6},"end":{"line":219,"column":72}},"57":{"start":{"line":220,"column":6},"end":{"line":220,"column":42}},"58":{"start":{"line":225,"column":4},"end":{"line":228,"column":6}},"59":{"start":{"line":226,"column":6},"end":{"line":226,"column":66}},"60":{"start":{"line":227,"column":6},"end":{"line":227,"column":42}},"61":{"start":{"line":232,"column":4},"end":{"line":235,"column":6}},"62":{"start":{"line":233,"column":6},"end":{"line":233,"column":66}},"63":{"start":{"line":234,"column":6},"end":{"line":234,"column":42}},"64":{"start":{"line":239,"column":4},"end":{"line":246,"column":6}},"65":{"start":{"line":240,"column":6},"end":{"line":244,"column":7}},"66":{"start":{"line":245,"column":6},"end":{"line":245,"column":42}},"67":{"start":{"line":250,"column":4},"end":{"line":257,"column":6}},"68":{"start":{"line":251,"column":6},"end":{"line":255,"column":7}},"69":{"start":{"line":256,"column":6},"end":{"line":256,"column":42}},"70":{"start":{"line":261,"column":4},"end":{"line":264,"column":6}},"71":{"start":{"line":262,"column":6},"end":{"line":262,"column":31}},"72":{"start":{"line":263,"column":6},"end":{"line":263,"column":42}},"73":{"start":{"line":268,"column":4},"end":{"line":271,"column":6}},"74":{"start":{"line":269,"column":6},"end":{"line":269,"column":31}},"75":{"start":{"line":270,"column":6},"end":{"line":270,"column":42}},"76":{"start":{"line":275,"column":4},"end":{"line":275,"column":37}},"77":{"start":{"line":276,"column":4},"end":{"line":276,"column":29}},"78":{"start":{"line":276,"column":18},"end":{"line":276,"column":28}},"79":{"start":{"line":277,"column":4},"end":{"line":277,"column":42}},"80":{"start":{"line":278,"column":4},"end":{"line":278,"column":70}},"81":{"start":{"line":279,"column":4},"end":{"line":289,"column":5}},"82":{"start":{"line":293,"column":4},"end":{"line":341,"column":5}},"83":{"start":{"line":345,"column":0},"end":{"line":348,"column":1}},"84":{"start":{"line":346,"column":2},"end":{"line":346,"column":41}},"85":{"start":{"line":347,"column":2},"end":{"line":347,"column":28}}},"branchMap":{"1":{"line":47,"type":"cond-expr","locations":[{"start":{"line":47,"column":29},"end":{"line":47,"column":41}},{"start":{"line":47,"column":44},"end":{"line":47,"column":46}}]},"2":{"line":128,"type":"cond-expr","locations":[{"start":{"line":128,"column":41},"end":{"line":128,"column":58}},{"start":{"line":128,"column":61},"end":{"line":128,"column":71}}]},"3":{"line":276,"type":"if","locations":[{"start":{"line":276,"column":4},"end":{"line":276,"column":4}},{"start":{"line":276,"column":4},"end":{"line":276,"column":4}}]},"4":{"line":278,"type":"cond-expr","locations":[{"start":{"line":278,"column":44},"end":{"line":278,"column":46}},{"start":{"line":278,"column":49},"end":{"line":278,"column":70}}]}},"code":["/*","Copyright (c) 2015, salesforce.com, inc. All rights reserved.","","Redistribution and use in source and binary forms, with or without modification, are permitted provided that the following conditions are met:","","Redistributions of source code must retain the above copyright notice, this list of conditions and the following disclaimer.","Redistributions in binary form must reproduce the above copyright notice, this list of conditions and the following disclaimer in the documentation and/or other materials provided with the distribution.","Neither the name of salesforce.com, inc. nor the names of its contributors may be used to endorse or promote products derived from this software without specific prior written permission.","","THIS SOFTWARE IS PROVIDED BY THE COPYRIGHT HOLDERS AND CONTRIBUTORS \"AS IS\" AND ANY EXPRESS OR IMPLIED WARRANTIES, INCLUDING, BUT NOT LIMITED TO, THE IMPLIED WARRANTIES OF MERCHANTABILITY AND FITNESS FOR A PARTICULAR PURPOSE ARE DISCLAIMED. IN NO EVENT SHALL THE COPYRIGHT OWNER OR CONTRIBUTORS BE LIABLE FOR ANY DIRECT, INDIRECT, INCIDENTAL, SPECIAL, EXEMPLARY, OR CONSEQUENTIAL DAMAGES (INCLUDING, BUT NOT LIMITED TO, PROCUREMENT OF SUBSTITUTE GOODS OR SERVICES; LOSS OF USE, DATA, OR PROFITS; OR BUSINESS INTERRUPTION) HOWEVER CAUSED AND ON ANY THEORY OF LIABILITY, WHETHER IN CONTRACT, STRICT LIABILITY, OR TORT (INCLUDING NEGLIGENCE OR OTHERWISE) ARISING IN ANY WAY OUT OF THE USE OF THIS SOFTWARE, EVEN IF ADVISED OF THE POSSIBILITY OF SUCH DAMAGE.","*/","","let groupBy = require('lodash/groupBy')","let camelCase = require('lodash/camelCase')","let upperfirst = require('lodash/upperFirst')","","class Styleguide {","","  constructor (json) {","    this.categories = groupBy(json.props, 'category')","  }","","  renderRowHeader (id, heading) {","    return `","      <thead>","        <tr id=${id}>","          <th scope=\"col\">${heading}</th>","          <th scope=\"col\">Value</th>","          <th scope=\"col\">Examples</th>","          <th scope=\"col\">Usage</th>","        </tr>","      </thead>","    `","  }","","  renderRow (prop, example) {","    let name = camelCase(prop.name)","    return `","      <tr>","        <th scope=\"row\">","          <code>${name}</code>","        </th>","        <td>","          <code>${prop.value}</code>","        </td>","        ${example}","        <td>${prop.comment ? prop.comment : ''}</td>","      </tr>","    `","  }","","  renderSpacing (props) {","    return props.map(prop => {","      let example = `","        <td>","          <div class=\"metric-box\" style=\"width: ${prop.value}; height: ${prop.value};\"></div>","        </td>","      `","      return this.renderRow(prop, example)","    })","  }","","  renderSizing (props) {","    return props.map(prop => {","      let example = `","        <td>","          <div class=\"metric-box\" style=\"width: ${prop.value}; height: ${prop.value};\"></div>","        </td>","      `","      return this.renderRow(prop, example)","    })","  }","","  renderFont (props) {","    return props.map(prop => {","      let example = `","        <td>","          <div style=\"font-family: ${prop.value};\">","            The quick brown fox jumps over the lazy dog.","          </div>","        </td>","      `","      return this.renderRow(prop, example)","    })","  }","","  renderFontStyle (props) {","    return props.map(prop => {","      let example = `","        <td>","          <div style=\"font-style: ${prop.value};\">","            The quick brown fox jumps over the lazy dog.","          </div>","        </td>","      `","      return this.renderRow(prop, example)","    })","  }","","  renderFontWeight (props) {","    return props.map(prop => {","      let example = `","        <td>","          <div style=\"font-weight: ${prop.value};\">","            The quick brown fox jumps over the lazy dog.","          </div>","        </td>","      `","      return this.renderRow(prop, example)","    })","  }","","  renderFontSize (props) {","    return props.map(prop => {","      let example = `","        <td>","          <div style=\"font-size: ${prop.value};\">","            The quick brown fox jumps over the lazy dog.","          </div>","        </td>","      `","      return this.renderRow(prop, example)","    })","  }","","  renderLineHeight (props) {","    return props.map(prop => {","      let vHeight = !isNaN(prop.value) ? `${prop.value}em` : prop.value","      let example = `","        <td>","          <div class=\"line-height-example\" style=\"line-height: ${prop.value}; background-size: 100% ${vHeight};\">","            Lorem ipsum dolor sit amet, consectetur adipiscing elit. Donec","            elementum odio et lacus rutrum molestie. Nunc arcu enim, elementum","            id feugiat at, venenatis quis erat.","          </div>","        </td>","      `","      return this.renderRow(prop, example)","    })","  }","","  renderFontFamily (props) {","    return props.map(prop => {","      let example = `","        <td>","          <div style=\"font-family: ${prop.value};\">","            The quick brown fox jumps over the lazy dog.","          </div>","        </td>","      `","      return this.renderRow(prop, example)","    })","  }","","  renderBorderStyle (props) {","    return props.map(prop => {","      let example = `<td style=\"border: ${prop.value};\"></td>`","      return this.renderRow(prop, example)","    })","  }","","  renderBorderColor (props) {","    return props.map(prop => {","      let example = `<td style=\"border: 2px solid ${prop.value};\"></td>`","      return this.renderRow(prop, example)","    })","  }","","  renderHrColor (props) {","    return props.map(prop => {","      let example = `","        <td>","          <hr style=\"border-top-color: ${prop.value};\" />","        </td>","      `","      return this.renderRow(prop, example)","    })","  }","","  renderRadius (props) {","    return props.map(prop => {","      let name = camelCase(prop.name)","      let example = `","        <td>","          <div class=\"radius-box ${name}\" style=\"border-radius: ${prop.value};\"></div>","        </td>","      `","      return this.renderRow(prop, example)","    })","  }","","  renderBorderRadius (props) {","    return props.map(prop => {","      let example = `","        <td>","          <div class=\"radius-box\" style=\"border-radius: ${prop.value};\"></div>","        </td>","      `","      return this.renderRow(prop, example)","    })","  }","","  renderBackgroundColor (props) {","    return props.map(prop => {","      let example = `<td style=\"background-color: ${prop.value}; border: 1px solid #f6f6f6;\"></td>`","      return this.renderRow(prop, example)","    })","  }","","  renderGradient (props) {","    return props.map(prop => {","      let example = `<td style=\"background: ${prop.value};\"></td>`","      return this.renderRow(prop, example)","    })","  }","","  renderBackgroundGradient (props) {","    return props.map(prop => {","      let example = `<td style=\"background-image: ${prop.value};\"></td>`","      return this.renderRow(prop, example)","    })","  }","","  renderDropShadow (props) {","    return props.map(prop => {","      let example = `<td style=\"box-shadow: ${prop.value};\"></td>`","      return this.renderRow(prop, example)","    })","  }","","  renderBoxShadow (props) {","    return props.map(prop => {","      let example = `<td style=\"box-shadow: ${prop.value};\"></td>`","      return this.renderRow(prop, example)","    })","  }","","  renderTextColor (props) {","    return props.map(prop => {","      let example = `","        <td style=\"background-color: #f6f6f6; color: ${prop.value};\">","          The quick brown fox jumps over the lazy dog.","        </td>","      `","      return this.renderRow(prop, example)","    })","  }","","  renderTextShadow (props) {","    return props.map(prop => {","      let example = `","        <td style=\"text-shadow: ${prop.value};\">","          The quick brown fox jumps over the lazy dog.","        </td>","      `","      return this.renderRow(prop, example)","    })","  }","","  renderTime (props) {","    return props.map(prop => {","      let example = `<td></td>`","      return this.renderRow(prop, example)","    })","  }","","  renderMediaQuery (props) {","    return props.map(prop => {","      let example = `<td></td>`","      return this.renderRow(prop, example)","    })","  }","","  renderSection (type, heading, fn) {","    let props = this.categories[type]","    if (!props) { return '' }","    let name = upperfirst(camelCase(type))","    let render = typeof fn === 'function' ? fn : this[`render${name}`]","    return `","      <section>","        <table>","          ${this.renderRowHeader(type, heading)}","          <tbody>","            ${render.call(this, props).join('').trim()}","          </tbody>","        </table>","        <hr />","      </section>","    `","  }","","  render () {","    return `","      <!DOCTYPE html>","      <html lang=\"en\">","        <head>","          <meta charset=\"utf-8\" />","          <meta http-equiv=\"X-UA-Compatible\" content=\"IE=edge\" />","          <title>Design Tokens</title>","          <meta name=\"viewport\" content=\"width=device-width, initial-scale=1\" />","          <link rel=\"stylesheet\" href=\"https://cdnjs.cloudflare.com/ajax/libs/normalize/4.2.0/normalize.min.css\" />","          <style>${require('./html.style')}</style>","        </head>","        <body>","          <header role=\"banner\" class=\"banner\">","            <div class=\"container\">","              <h1>Design Tokens</h1>","            </div>","          </header>","","          <div class=\"container\">","            <main role=\"main\">","              ${this.renderSection('sizing', 'Sizing')}","              ${this.renderSection('spacing', 'Spacing')}","              ${this.renderSection('font', 'Fonts')}","              ${this.renderSection('font-style', 'Font Styles')}","              ${this.renderSection('font-weight', 'Font Weights')}","              ${this.renderSection('font-size', 'Font Sizes')}","              ${this.renderSection('line-height', 'Line Heights')}","              ${this.renderSection('font-families', 'Font Families')}","              ${this.renderSection('border-style', 'Border Styles')}","              ${this.renderSection('border-color', 'Border Colors')}","              ${this.renderSection('radius', 'Radius')}","              ${this.renderSection('border-radius', 'Border Radii')}","              ${this.renderSection('hr-color', 'Horizontal Rule Colors')}","              ${this.renderSection('background-color', 'Background Colors')}","              ${this.renderSection('gradient', 'Gradients')}","              ${this.renderSection('background-gradient', 'Background Gradients')}","              ${this.renderSection('drop-shadow', 'Drop Shadows')}","              ${this.renderSection('box-shadow', 'Box Shadows')}","              ${this.renderSection('inner-shadow', 'Inner Drop Shadows', this.renderDropShadow)}","              ${this.renderSection('box-shadow', 'Box Shadows')}","              ${this.renderSection('text-color', 'Text Colors')}","              ${this.renderSection('text-shadow', 'Text Shadows')}","              ${this.renderSection('time', 'Time')}","              ${this.renderSection('media-query', 'Media Queries')}","            </main>","          </div>","        </body>","      </html>","    `","  }","}","","module.exports = (json) => {","  const styleguide = new Styleguide(json)","  return styleguide.render()","}",""],"l":{"13":1,"14":1,"15":1,"20":0,"24":0,"37":0,"38":0,"53":0,"54":0,"59":0,"64":0,"65":0,"70":0,"75":0,"76":0,"83":0,"88":0,"89":0,"96":0,"101":0,"102":0,"109":0,"114":0,"115":0,"122":0,"127":0,"128":0,"129":0,"138":0,"143":0,"144":0,"151":0,"156":0,"157":0,"158":0,"163":0,"164":0,"165":0,"170":0,"171":0,"176":0,"181":0,"182":0,"183":0,"188":0,"193":0,"194":0,"199":0,"204":0,"205":0,"206":0,"211":0,"212":0,"213":0,"218":0,"219":0,"220":0,"225":0,"226":0,"227":0,"232":0,"233":0,"234":0,"239":0,"240":0,"245":0,"250":0,"251":0,"256":0,"261":0,"262":0,"263":0,"268":0,"269":0,"270":0,"275":0,"276":0,"277":0,"278":0,"279":0,"293":0,"345":1,"346":0,"347":0}}}